mode: set
github.com/h4ribote/Paper-Street/cmd/bots/grid_trader/main.go:34.13,36.16 2 0
github.com/h4ribote/Paper-Street/cmd/bots/grid_trader/main.go:36.16,38.3 1 0
github.com/h4ribote/Paper-Street/cmd/bots/grid_trader/main.go:39.2,43.6 5 0
github.com/h4ribote/Paper-Street/cmd/bots/grid_trader/main.go:43.6,46.3 2 0
github.com/h4ribote/Paper-Street/cmd/bots/grid_trader/main.go:49.78,50.39 1 0
github.com/h4ribote/Paper-Street/cmd/bots/grid_trader/main.go:50.39,52.19 2 0
github.com/h4ribote/Paper-Street/cmd/bots/grid_trader/main.go:52.19,55.4 2 0
github.com/h4ribote/Paper-Street/cmd/bots/grid_trader/main.go:56.3,59.17 4 0
github.com/h4ribote/Paper-Street/cmd/bots/grid_trader/main.go:59.17,61.12 2 0
github.com/h4ribote/Paper-Street/cmd/bots/grid_trader/main.go:63.3,65.15 3 0
github.com/h4ribote/Paper-Street/cmd/bots/grid_trader/main.go:65.15,67.4 1 0
github.com/h4ribote/Paper-Street/cmd/bots/grid_trader/main.go:68.3,68.83 1 0
github.com/h4ribote/Paper-Street/cmd/bots/grid_trader/main.go:68.83,69.12 1 0
github.com/h4ribote/Paper-Street/cmd/bots/grid_trader/main.go:71.3,75.32 5 0
github.com/h4ribote/Paper-Street/cmd/bots/grid_trader/main.go:75.32,87.18 5 0
github.com/h4ribote/Paper-Street/cmd/bots/grid_trader/main.go:87.18,89.13 2 0
github.com/h4ribote/Paper-Street/cmd/bots/grid_trader/main.go:91.4,91.53 1 0
github.com/h4ribote/Paper-Street/cmd/bots/grid_trader/main.go:93.3,93.102 1 0
github.com/h4ribote/Paper-Street/cmd/bots/grid_trader/main.go:97.99,98.35 1 0
github.com/h4ribote/Paper-Street/cmd/bots/grid_trader/main.go:98.35,99.19 1 0
github.com/h4ribote/Paper-Street/cmd/bots/grid_trader/main.go:99.19,100.12 1 0
github.com/h4ribote/Paper-Street/cmd/bots/grid_trader/main.go:102.3,105.17 4 0
github.com/h4ribote/Paper-Street/cmd/bots/grid_trader/main.go:105.17,107.4 1 0
github.com/h4ribote/Paper-Street/cmd/bots/grid_trader/main.go:111.35,113.19 2 0
github.com/h4ribote/Paper-Street/cmd/bots/grid_trader/main.go:113.19,115.3 1 0
github.com/h4ribote/Paper-Street/cmd/bots/grid_trader/main.go:116.2,117.16 2 0
github.com/h4ribote/Paper-Street/cmd/bots/grid_trader/main.go:117.16,119.3 1 0
github.com/h4ribote/Paper-Street/cmd/bots/grid_trader/main.go:120.2,120.25 1 0
github.com/h4ribote/Paper-Street/cmd/bots/grid_trader/main.go:120.25,122.3 1 0
github.com/h4ribote/Paper-Street/cmd/bots/grid_trader/main.go:123.2,131.16 2 0
github.com/h4ribote/Paper-Street/cmd/bots/grid_trader/main.go:131.16,133.3 1 0
github.com/h4ribote/Paper-Street/cmd/bots/grid_trader/main.go:134.2,136.16 3 0
github.com/h4ribote/Paper-Street/cmd/bots/grid_trader/main.go:136.16,138.3 1 0
github.com/h4ribote/Paper-Street/cmd/bots/grid_trader/main.go:139.2,139.24 1 0
github.com/h4ribote/Paper-Street/cmd/bots/grid_trader/main.go:139.24,141.17 2 0
github.com/h4ribote/Paper-Street/cmd/bots/grid_trader/main.go:141.17,143.4 1 0
github.com/h4ribote/Paper-Street/cmd/bots/grid_trader/main.go:144.3,144.19 1 0
github.com/h4ribote/Paper-Street/cmd/bots/grid_trader/main.go:144.19,146.4 1 0
github.com/h4ribote/Paper-Street/cmd/bots/grid_trader/main.go:147.3,147.30 1 0
github.com/h4ribote/Paper-Street/cmd/bots/grid_trader/main.go:149.2,150.16 2 0
github.com/h4ribote/Paper-Street/cmd/bots/grid_trader/main.go:150.16,152.3 1 0
github.com/h4ribote/Paper-Street/cmd/bots/grid_trader/main.go:153.2,153.17 1 0
github.com/h4ribote/Paper-Street/cmd/bots/grid_trader/main.go:153.17,155.3 1 0
github.com/h4ribote/Paper-Street/cmd/bots/grid_trader/main.go:156.2,156.59 1 0
github.com/h4ribote/Paper-Street/cmd/bots/grid_trader/main.go:156.59,158.3 1 0
github.com/h4ribote/Paper-Street/cmd/bots/grid_trader/main.go:159.2,160.16 2 0
github.com/h4ribote/Paper-Street/cmd/bots/grid_trader/main.go:160.16,162.3 1 0
github.com/h4ribote/Paper-Street/cmd/bots/grid_trader/main.go:163.2,163.19 1 0
github.com/h4ribote/Paper-Street/cmd/bots/grid_trader/main.go:163.19,165.3 1 0
github.com/h4ribote/Paper-Street/cmd/bots/grid_trader/main.go:166.2,167.16 2 0
github.com/h4ribote/Paper-Street/cmd/bots/grid_trader/main.go:167.16,169.3 1 0
github.com/h4ribote/Paper-Street/cmd/bots/grid_trader/main.go:170.2,170.18 1 0
github.com/h4ribote/Paper-Street/cmd/bots/grid_trader/main.go:170.18,172.3 1 0
github.com/h4ribote/Paper-Street/cmd/bots/grid_trader/main.go:173.2,174.16 2 0
github.com/h4ribote/Paper-Street/cmd/bots/grid_trader/main.go:174.16,176.3 1 0
github.com/h4ribote/Paper-Street/cmd/bots/grid_trader/main.go:177.2,177.17 1 0
github.com/h4ribote/Paper-Street/cmd/bots/grid_trader/main.go:177.17,179.3 1 0
github.com/h4ribote/Paper-Street/cmd/bots/grid_trader/main.go:180.2,181.16 2 0
github.com/h4ribote/Paper-Street/cmd/bots/grid_trader/main.go:181.16,183.3 1 0
github.com/h4ribote/Paper-Street/cmd/bots/grid_trader/main.go:184.2,184.16 1 0
github.com/h4ribote/Paper-Street/cmd/bots/grid_trader/main.go:184.16,186.3 1 0
github.com/h4ribote/Paper-Street/cmd/bots/grid_trader/main.go:187.2,188.16 2 0
github.com/h4ribote/Paper-Street/cmd/bots/grid_trader/main.go:188.16,190.3 1 0
github.com/h4ribote/Paper-Street/cmd/bots/grid_trader/main.go:191.2,191.24 1 0
github.com/h4ribote/Paper-Street/cmd/bots/grid_trader/main.go:191.24,193.3 1 0
github.com/h4ribote/Paper-Street/cmd/bots/grid_trader/main.go:194.2,195.16 2 0
github.com/h4ribote/Paper-Street/cmd/bots/grid_trader/main.go:195.16,197.3 1 0
github.com/h4ribote/Paper-Street/cmd/bots/grid_trader/main.go:198.2,198.26 1 0
github.com/h4ribote/Paper-Street/cmd/bots/grid_trader/main.go:198.26,200.3 1 0
github.com/h4ribote/Paper-Street/cmd/bots/grid_trader/main.go:201.2,213.8 1 0
github.com/h4ribote/Paper-Street/cmd/bots/dip_buyer/main.go:39.13,41.16 2 0
github.com/h4ribote/Paper-Street/cmd/bots/dip_buyer/main.go:41.16,43.3 1 0
github.com/h4ribote/Paper-Street/cmd/bots/dip_buyer/main.go:44.2,48.6 5 0
github.com/h4ribote/Paper-Street/cmd/bots/dip_buyer/main.go:48.6,51.3 2 0
github.com/h4ribote/Paper-Street/cmd/bots/dip_buyer/main.go:54.79,55.39 1 0
github.com/h4ribote/Paper-Street/cmd/bots/dip_buyer/main.go:55.39,57.19 2 0
github.com/h4ribote/Paper-Street/cmd/bots/dip_buyer/main.go:57.19,60.4 2 0
github.com/h4ribote/Paper-Street/cmd/bots/dip_buyer/main.go:61.3,64.17 4 0
github.com/h4ribote/Paper-Street/cmd/bots/dip_buyer/main.go:64.17,66.12 2 0
github.com/h4ribote/Paper-Street/cmd/bots/dip_buyer/main.go:68.3,69.10 2 0
github.com/h4ribote/Paper-Street/cmd/bots/dip_buyer/main.go:69.10,76.12 7 0
github.com/h4ribote/Paper-Street/cmd/bots/dip_buyer/main.go:78.3,78.124 1 0
github.com/h4ribote/Paper-Street/cmd/bots/dip_buyer/main.go:78.124,79.12 1 0
github.com/h4ribote/Paper-Street/cmd/bots/dip_buyer/main.go:81.3,98.17 11 0
github.com/h4ribote/Paper-Street/cmd/bots/dip_buyer/main.go:98.17,100.4 1 0
github.com/h4ribote/Paper-Street/cmd/bots/dip_buyer/main.go:100.9,103.4 2 0
github.com/h4ribote/Paper-Street/cmd/bots/dip_buyer/main.go:104.3,104.65 1 0
github.com/h4ribote/Paper-Street/cmd/bots/dip_buyer/main.go:104.65,116.18 5 0
github.com/h4ribote/Paper-Street/cmd/bots/dip_buyer/main.go:116.18,118.5 1 0
github.com/h4ribote/Paper-Street/cmd/bots/dip_buyer/main.go:118.10,121.5 2 0
github.com/h4ribote/Paper-Street/cmd/bots/dip_buyer/main.go:126.95,127.35 1 0
github.com/h4ribote/Paper-Street/cmd/bots/dip_buyer/main.go:127.35,129.3 1 0
github.com/h4ribote/Paper-Street/cmd/bots/dip_buyer/main.go:130.2,132.66 3 0
github.com/h4ribote/Paper-Street/cmd/bots/dip_buyer/main.go:132.66,134.3 1 0
github.com/h4ribote/Paper-Street/cmd/bots/dip_buyer/main.go:137.35,139.19 2 0
github.com/h4ribote/Paper-Street/cmd/bots/dip_buyer/main.go:139.19,141.3 1 0
github.com/h4ribote/Paper-Street/cmd/bots/dip_buyer/main.go:142.2,143.16 2 0
github.com/h4ribote/Paper-Street/cmd/bots/dip_buyer/main.go:143.16,145.3 1 0
github.com/h4ribote/Paper-Street/cmd/bots/dip_buyer/main.go:146.2,146.25 1 0
github.com/h4ribote/Paper-Street/cmd/bots/dip_buyer/main.go:146.25,148.3 1 0
github.com/h4ribote/Paper-Street/cmd/bots/dip_buyer/main.go:149.2,157.16 2 0
github.com/h4ribote/Paper-Street/cmd/bots/dip_buyer/main.go:157.16,159.3 1 0
github.com/h4ribote/Paper-Street/cmd/bots/dip_buyer/main.go:160.2,162.16 3 0
github.com/h4ribote/Paper-Street/cmd/bots/dip_buyer/main.go:162.16,164.3 1 0
github.com/h4ribote/Paper-Street/cmd/bots/dip_buyer/main.go:165.2,165.24 1 0
github.com/h4ribote/Paper-Street/cmd/bots/dip_buyer/main.go:165.24,167.17 2 0
github.com/h4ribote/Paper-Street/cmd/bots/dip_buyer/main.go:167.17,169.4 1 0
github.com/h4ribote/Paper-Street/cmd/bots/dip_buyer/main.go:170.3,170.19 1 0
github.com/h4ribote/Paper-Street/cmd/bots/dip_buyer/main.go:170.19,172.4 1 0
github.com/h4ribote/Paper-Street/cmd/bots/dip_buyer/main.go:173.3,173.30 1 0
github.com/h4ribote/Paper-Street/cmd/bots/dip_buyer/main.go:175.2,176.16 2 0
github.com/h4ribote/Paper-Street/cmd/bots/dip_buyer/main.go:176.16,178.3 1 0
github.com/h4ribote/Paper-Street/cmd/bots/dip_buyer/main.go:179.2,179.17 1 0
github.com/h4ribote/Paper-Street/cmd/bots/dip_buyer/main.go:179.17,181.3 1 0
github.com/h4ribote/Paper-Street/cmd/bots/dip_buyer/main.go:182.2,182.59 1 0
github.com/h4ribote/Paper-Street/cmd/bots/dip_buyer/main.go:182.59,184.3 1 0
github.com/h4ribote/Paper-Street/cmd/bots/dip_buyer/main.go:185.2,186.16 2 0
github.com/h4ribote/Paper-Street/cmd/bots/dip_buyer/main.go:186.16,188.3 1 0
github.com/h4ribote/Paper-Street/cmd/bots/dip_buyer/main.go:189.2,189.19 1 0
github.com/h4ribote/Paper-Street/cmd/bots/dip_buyer/main.go:189.19,191.3 1 0
github.com/h4ribote/Paper-Street/cmd/bots/dip_buyer/main.go:192.2,193.21 2 0
github.com/h4ribote/Paper-Street/cmd/bots/dip_buyer/main.go:193.21,195.3 1 0
github.com/h4ribote/Paper-Street/cmd/bots/dip_buyer/main.go:196.2,197.16 2 0
github.com/h4ribote/Paper-Street/cmd/bots/dip_buyer/main.go:197.16,199.3 1 0
github.com/h4ribote/Paper-Street/cmd/bots/dip_buyer/main.go:200.2,200.22 1 0
github.com/h4ribote/Paper-Street/cmd/bots/dip_buyer/main.go:200.22,202.3 1 0
github.com/h4ribote/Paper-Street/cmd/bots/dip_buyer/main.go:203.2,204.16 2 0
github.com/h4ribote/Paper-Street/cmd/bots/dip_buyer/main.go:204.16,206.3 1 0
github.com/h4ribote/Paper-Street/cmd/bots/dip_buyer/main.go:207.2,207.21 1 0
github.com/h4ribote/Paper-Street/cmd/bots/dip_buyer/main.go:207.21,209.3 1 0
github.com/h4ribote/Paper-Street/cmd/bots/dip_buyer/main.go:210.2,211.16 2 0
github.com/h4ribote/Paper-Street/cmd/bots/dip_buyer/main.go:211.16,213.3 1 0
github.com/h4ribote/Paper-Street/cmd/bots/dip_buyer/main.go:214.2,214.20 1 0
github.com/h4ribote/Paper-Street/cmd/bots/dip_buyer/main.go:214.20,216.3 1 0
github.com/h4ribote/Paper-Street/cmd/bots/dip_buyer/main.go:217.2,218.16 2 0
github.com/h4ribote/Paper-Street/cmd/bots/dip_buyer/main.go:218.16,220.3 1 0
github.com/h4ribote/Paper-Street/cmd/bots/dip_buyer/main.go:221.2,221.21 1 0
github.com/h4ribote/Paper-Street/cmd/bots/dip_buyer/main.go:221.21,223.3 1 0
github.com/h4ribote/Paper-Street/cmd/bots/dip_buyer/main.go:224.2,225.16 2 0
github.com/h4ribote/Paper-Street/cmd/bots/dip_buyer/main.go:225.16,227.3 1 0
github.com/h4ribote/Paper-Street/cmd/bots/dip_buyer/main.go:228.2,228.20 1 0
github.com/h4ribote/Paper-Street/cmd/bots/dip_buyer/main.go:228.20,230.3 1 0
github.com/h4ribote/Paper-Street/cmd/bots/dip_buyer/main.go:231.2,232.73 2 0
github.com/h4ribote/Paper-Street/cmd/bots/dip_buyer/main.go:232.73,234.17 2 0
github.com/h4ribote/Paper-Street/cmd/bots/dip_buyer/main.go:234.17,236.4 1 0
github.com/h4ribote/Paper-Street/cmd/bots/dip_buyer/main.go:237.3,237.27 1 0
github.com/h4ribote/Paper-Street/cmd/bots/dip_buyer/main.go:239.2,240.16 2 0
github.com/h4ribote/Paper-Street/cmd/bots/dip_buyer/main.go:240.16,242.3 1 0
github.com/h4ribote/Paper-Street/cmd/bots/dip_buyer/main.go:243.2,243.26 1 0
github.com/h4ribote/Paper-Street/cmd/bots/dip_buyer/main.go:243.26,245.3 1 0
github.com/h4ribote/Paper-Street/cmd/bots/dip_buyer/main.go:246.2,261.8 1 0
github.com/h4ribote/Paper-Street/cmd/bots/arbitrageur/main.go:30.13,32.16 2 0
github.com/h4ribote/Paper-Street/cmd/bots/arbitrageur/main.go:32.16,34.3 1 0
github.com/h4ribote/Paper-Street/cmd/bots/arbitrageur/main.go:35.2,38.6 4 0
github.com/h4ribote/Paper-Street/cmd/bots/arbitrageur/main.go:38.6,41.3 2 0
github.com/h4ribote/Paper-Street/cmd/bots/arbitrageur/main.go:44.50,46.8 2 0
github.com/h4ribote/Paper-Street/cmd/bots/arbitrageur/main.go:46.8,48.3 1 0
github.com/h4ribote/Paper-Street/cmd/bots/arbitrageur/main.go:49.2,49.21 1 0
github.com/h4ribote/Paper-Street/cmd/bots/arbitrageur/main.go:49.21,51.3 1 0
github.com/h4ribote/Paper-Street/cmd/bots/arbitrageur/main.go:54.65,56.48 2 0
github.com/h4ribote/Paper-Street/cmd/bots/arbitrageur/main.go:56.48,60.17 4 0
github.com/h4ribote/Paper-Street/cmd/bots/arbitrageur/main.go:60.17,63.4 2 0
github.com/h4ribote/Paper-Street/cmd/bots/arbitrageur/main.go:64.3,65.17 2 0
github.com/h4ribote/Paper-Street/cmd/bots/arbitrageur/main.go:65.17,67.4 1 0
github.com/h4ribote/Paper-Street/cmd/bots/arbitrageur/main.go:68.3,68.17 1 0
github.com/h4ribote/Paper-Street/cmd/bots/arbitrageur/main.go:70.2,70.16 1 0
github.com/h4ribote/Paper-Street/cmd/bots/arbitrageur/main.go:70.16,72.3 1 0
github.com/h4ribote/Paper-Street/cmd/bots/arbitrageur/main.go:73.2,73.20 1 0
github.com/h4ribote/Paper-Street/cmd/bots/arbitrageur/main.go:76.65,80.16 4 0
github.com/h4ribote/Paper-Street/cmd/bots/arbitrageur/main.go:80.16,83.3 2 0
github.com/h4ribote/Paper-Street/cmd/bots/arbitrageur/main.go:84.2,85.21 2 0
github.com/h4ribote/Paper-Street/cmd/bots/arbitrageur/main.go:85.21,87.3 1 0
github.com/h4ribote/Paper-Street/cmd/bots/arbitrageur/main.go:88.2,89.9 2 0
github.com/h4ribote/Paper-Street/cmd/bots/arbitrageur/main.go:90.33,95.17 5 0
github.com/h4ribote/Paper-Street/cmd/bots/arbitrageur/main.go:95.17,98.4 2 0
github.com/h4ribote/Paper-Street/cmd/bots/arbitrageur/main.go:99.3,109.17 5 0
github.com/h4ribote/Paper-Street/cmd/bots/arbitrageur/main.go:109.17,112.4 2 0
github.com/h4ribote/Paper-Street/cmd/bots/arbitrageur/main.go:113.3,113.107 1 0
github.com/h4ribote/Paper-Street/cmd/bots/arbitrageur/main.go:114.34,125.17 5 0
github.com/h4ribote/Paper-Street/cmd/bots/arbitrageur/main.go:125.17,128.4 2 0
github.com/h4ribote/Paper-Street/cmd/bots/arbitrageur/main.go:129.3,133.17 5 0
github.com/h4ribote/Paper-Street/cmd/bots/arbitrageur/main.go:133.17,136.4 2 0
github.com/h4ribote/Paper-Street/cmd/bots/arbitrageur/main.go:137.3,137.107 1 0
github.com/h4ribote/Paper-Street/cmd/bots/arbitrageur/main.go:141.51,145.16 4 0
github.com/h4ribote/Paper-Street/cmd/bots/arbitrageur/main.go:145.16,148.3 2 0
github.com/h4ribote/Paper-Street/cmd/bots/arbitrageur/main.go:149.2,152.16 4 0
github.com/h4ribote/Paper-Street/cmd/bots/arbitrageur/main.go:152.16,155.3 2 0
github.com/h4ribote/Paper-Street/cmd/bots/arbitrageur/main.go:156.2,156.29 1 0
github.com/h4ribote/Paper-Street/cmd/bots/arbitrageur/main.go:156.29,158.10 2 0
github.com/h4ribote/Paper-Street/cmd/bots/arbitrageur/main.go:158.10,159.12 1 0
github.com/h4ribote/Paper-Street/cmd/bots/arbitrageur/main.go:161.3,162.84 2 0
github.com/h4ribote/Paper-Street/cmd/bots/arbitrageur/main.go:162.84,163.12 1 0
github.com/h4ribote/Paper-Street/cmd/bots/arbitrageur/main.go:165.3,167.43 3 0
github.com/h4ribote/Paper-Street/cmd/bots/arbitrageur/main.go:167.43,170.4 2 0
github.com/h4ribote/Paper-Street/cmd/bots/arbitrageur/main.go:171.3,180.17 5 0
github.com/h4ribote/Paper-Street/cmd/bots/arbitrageur/main.go:180.17,182.12 2 0
github.com/h4ribote/Paper-Street/cmd/bots/arbitrageur/main.go:184.3,184.131 1 0
github.com/h4ribote/Paper-Street/cmd/bots/arbitrageur/main.go:188.99,189.29 1 0
github.com/h4ribote/Paper-Street/cmd/bots/arbitrageur/main.go:189.29,190.113 1 0
github.com/h4ribote/Paper-Street/cmd/bots/arbitrageur/main.go:190.113,192.16 2 0
github.com/h4ribote/Paper-Street/cmd/bots/arbitrageur/main.go:192.16,194.5 1 0
github.com/h4ribote/Paper-Street/cmd/bots/arbitrageur/main.go:197.2,197.29 1 0
github.com/h4ribote/Paper-Street/cmd/bots/arbitrageur/main.go:197.29,198.113 1 0
github.com/h4ribote/Paper-Street/cmd/bots/arbitrageur/main.go:198.113,200.16 2 0
github.com/h4ribote/Paper-Street/cmd/bots/arbitrageur/main.go:200.16,202.5 1 0
github.com/h4ribote/Paper-Street/cmd/bots/arbitrageur/main.go:205.2,205.17 1 0
github.com/h4ribote/Paper-Street/cmd/bots/arbitrageur/main.go:208.35,210.19 2 0
github.com/h4ribote/Paper-Street/cmd/bots/arbitrageur/main.go:210.19,212.3 1 0
github.com/h4ribote/Paper-Street/cmd/bots/arbitrageur/main.go:213.2,214.16 2 0
github.com/h4ribote/Paper-Street/cmd/bots/arbitrageur/main.go:214.16,216.3 1 0
github.com/h4ribote/Paper-Street/cmd/bots/arbitrageur/main.go:217.2,217.25 1 0
github.com/h4ribote/Paper-Street/cmd/bots/arbitrageur/main.go:217.25,219.3 1 0
github.com/h4ribote/Paper-Street/cmd/bots/arbitrageur/main.go:220.2,228.16 2 0
github.com/h4ribote/Paper-Street/cmd/bots/arbitrageur/main.go:228.16,230.3 1 0
github.com/h4ribote/Paper-Street/cmd/bots/arbitrageur/main.go:231.2,233.16 3 0
github.com/h4ribote/Paper-Street/cmd/bots/arbitrageur/main.go:233.16,235.3 1 0
github.com/h4ribote/Paper-Street/cmd/bots/arbitrageur/main.go:236.2,236.23 1 0
github.com/h4ribote/Paper-Street/cmd/bots/arbitrageur/main.go:236.23,238.3 1 0
github.com/h4ribote/Paper-Street/cmd/bots/arbitrageur/main.go:239.2,240.16 2 0
github.com/h4ribote/Paper-Street/cmd/bots/arbitrageur/main.go:240.16,242.3 1 0
github.com/h4ribote/Paper-Street/cmd/bots/arbitrageur/main.go:243.2,243.28 1 0
github.com/h4ribote/Paper-Street/cmd/bots/arbitrageur/main.go:243.28,245.3 1 0
github.com/h4ribote/Paper-Street/cmd/bots/arbitrageur/main.go:246.2,247.16 2 0
github.com/h4ribote/Paper-Street/cmd/bots/arbitrageur/main.go:247.16,249.3 1 0
github.com/h4ribote/Paper-Street/cmd/bots/arbitrageur/main.go:250.2,250.17 1 0
github.com/h4ribote/Paper-Street/cmd/bots/arbitrageur/main.go:250.17,252.3 1 0
github.com/h4ribote/Paper-Street/cmd/bots/arbitrageur/main.go:253.2,253.59 1 0
github.com/h4ribote/Paper-Street/cmd/bots/arbitrageur/main.go:253.59,255.3 1 0
github.com/h4ribote/Paper-Street/cmd/bots/arbitrageur/main.go:256.2,257.16 2 0
github.com/h4ribote/Paper-Street/cmd/bots/arbitrageur/main.go:257.16,259.3 1 0
github.com/h4ribote/Paper-Street/cmd/bots/arbitrageur/main.go:260.2,260.24 1 0
github.com/h4ribote/Paper-Street/cmd/bots/arbitrageur/main.go:260.24,262.3 1 0
github.com/h4ribote/Paper-Street/cmd/bots/arbitrageur/main.go:263.2,264.16 2 0
github.com/h4ribote/Paper-Street/cmd/bots/arbitrageur/main.go:264.16,266.3 1 0
github.com/h4ribote/Paper-Street/cmd/bots/arbitrageur/main.go:267.2,267.23 1 0
github.com/h4ribote/Paper-Street/cmd/bots/arbitrageur/main.go:267.23,269.3 1 0
github.com/h4ribote/Paper-Street/cmd/bots/arbitrageur/main.go:270.2,271.69 2 0
github.com/h4ribote/Paper-Street/cmd/bots/arbitrageur/main.go:271.69,273.17 2 0
github.com/h4ribote/Paper-Street/cmd/bots/arbitrageur/main.go:273.17,275.4 1 0
github.com/h4ribote/Paper-Street/cmd/bots/arbitrageur/main.go:276.3,276.22 1 0
github.com/h4ribote/Paper-Street/cmd/bots/arbitrageur/main.go:278.2,279.16 2 0
github.com/h4ribote/Paper-Street/cmd/bots/arbitrageur/main.go:279.16,281.3 1 0
github.com/h4ribote/Paper-Street/cmd/bots/arbitrageur/main.go:282.2,282.22 1 0
github.com/h4ribote/Paper-Street/cmd/bots/arbitrageur/main.go:282.22,284.3 1 0
github.com/h4ribote/Paper-Street/cmd/bots/arbitrageur/main.go:285.2,286.16 2 0
github.com/h4ribote/Paper-Street/cmd/bots/arbitrageur/main.go:286.16,288.3 1 0
github.com/h4ribote/Paper-Street/cmd/bots/arbitrageur/main.go:289.2,289.23 1 0
github.com/h4ribote/Paper-Street/cmd/bots/arbitrageur/main.go:289.23,291.3 1 0
github.com/h4ribote/Paper-Street/cmd/bots/arbitrageur/main.go:292.2,293.16 2 0
github.com/h4ribote/Paper-Street/cmd/bots/arbitrageur/main.go:293.16,295.3 1 0
github.com/h4ribote/Paper-Street/cmd/bots/arbitrageur/main.go:296.2,296.26 1 0
github.com/h4ribote/Paper-Street/cmd/bots/arbitrageur/main.go:296.26,298.3 1 0
github.com/h4ribote/Paper-Street/cmd/bots/arbitrageur/main.go:299.2,312.8 1 0
github.com/h4ribote/Paper-Street/cmd/bots/corporate_ai/main.go:28.13,30.16 2 0
github.com/h4ribote/Paper-Street/cmd/bots/corporate_ai/main.go:30.16,32.3 1 0
github.com/h4ribote/Paper-Street/cmd/bots/corporate_ai/main.go:33.2,36.6 4 0
github.com/h4ribote/Paper-Street/cmd/bots/corporate_ai/main.go:36.6,39.3 2 0
github.com/h4ribote/Paper-Street/cmd/bots/corporate_ai/main.go:42.50,43.45 1 0
github.com/h4ribote/Paper-Street/cmd/bots/corporate_ai/main.go:43.45,45.17 2 0
github.com/h4ribote/Paper-Street/cmd/bots/corporate_ai/main.go:45.17,46.12 1 0
github.com/h4ribote/Paper-Street/cmd/bots/corporate_ai/main.go:48.3,60.17 6 0
github.com/h4ribote/Paper-Street/cmd/bots/corporate_ai/main.go:60.17,62.12 2 0
github.com/h4ribote/Paper-Street/cmd/bots/corporate_ai/main.go:64.3,64.111 1 0
github.com/h4ribote/Paper-Street/cmd/bots/corporate_ai/main.go:66.2,66.29 1 0
github.com/h4ribote/Paper-Street/cmd/bots/corporate_ai/main.go:66.29,68.3 1 0
github.com/h4ribote/Paper-Street/cmd/bots/corporate_ai/main.go:69.2,72.16 4 0
github.com/h4ribote/Paper-Street/cmd/bots/corporate_ai/main.go:72.16,75.3 2 0
github.com/h4ribote/Paper-Street/cmd/bots/corporate_ai/main.go:76.2,77.33 2 0
github.com/h4ribote/Paper-Street/cmd/bots/corporate_ai/main.go:77.33,79.3 1 0
github.com/h4ribote/Paper-Street/cmd/bots/corporate_ai/main.go:80.2,90.16 5 0
github.com/h4ribote/Paper-Street/cmd/bots/corporate_ai/main.go:90.16,93.3 2 0
github.com/h4ribote/Paper-Street/cmd/bots/corporate_ai/main.go:94.2,94.113 1 0
github.com/h4ribote/Paper-Street/cmd/bots/corporate_ai/main.go:97.73,98.35 1 0
github.com/h4ribote/Paper-Street/cmd/bots/corporate_ai/main.go:98.35,99.52 1 0
github.com/h4ribote/Paper-Street/cmd/bots/corporate_ai/main.go:99.52,101.4 1 0
github.com/h4ribote/Paper-Street/cmd/bots/corporate_ai/main.go:103.2,103.10 1 0
github.com/h4ribote/Paper-Street/cmd/bots/corporate_ai/main.go:106.88,110.16 4 0
github.com/h4ribote/Paper-Street/cmd/bots/corporate_ai/main.go:110.16,112.3 1 0
github.com/h4ribote/Paper-Street/cmd/bots/corporate_ai/main.go:113.2,113.35 1 0
github.com/h4ribote/Paper-Street/cmd/bots/corporate_ai/main.go:116.35,118.19 2 0
github.com/h4ribote/Paper-Street/cmd/bots/corporate_ai/main.go:118.19,120.3 1 0
github.com/h4ribote/Paper-Street/cmd/bots/corporate_ai/main.go:121.2,122.16 2 0
github.com/h4ribote/Paper-Street/cmd/bots/corporate_ai/main.go:122.16,124.3 1 0
github.com/h4ribote/Paper-Street/cmd/bots/corporate_ai/main.go:125.2,125.25 1 0
github.com/h4ribote/Paper-Street/cmd/bots/corporate_ai/main.go:125.25,127.3 1 0
github.com/h4ribote/Paper-Street/cmd/bots/corporate_ai/main.go:128.2,136.16 2 0
github.com/h4ribote/Paper-Street/cmd/bots/corporate_ai/main.go:136.16,138.3 1 0
github.com/h4ribote/Paper-Street/cmd/bots/corporate_ai/main.go:139.2,141.16 3 0
github.com/h4ribote/Paper-Street/cmd/bots/corporate_ai/main.go:141.16,143.3 1 0
github.com/h4ribote/Paper-Street/cmd/bots/corporate_ai/main.go:144.2,144.30 1 0
github.com/h4ribote/Paper-Street/cmd/bots/corporate_ai/main.go:144.30,146.3 1 0
github.com/h4ribote/Paper-Street/cmd/bots/corporate_ai/main.go:147.2,148.16 2 0
github.com/h4ribote/Paper-Street/cmd/bots/corporate_ai/main.go:148.16,150.3 1 0
github.com/h4ribote/Paper-Street/cmd/bots/corporate_ai/main.go:151.2,152.16 2 0
github.com/h4ribote/Paper-Street/cmd/bots/corporate_ai/main.go:152.16,154.3 1 0
github.com/h4ribote/Paper-Street/cmd/bots/corporate_ai/main.go:155.2,155.17 1 0
github.com/h4ribote/Paper-Street/cmd/bots/corporate_ai/main.go:155.17,157.3 1 0
github.com/h4ribote/Paper-Street/cmd/bots/corporate_ai/main.go:158.2,158.59 1 0
github.com/h4ribote/Paper-Street/cmd/bots/corporate_ai/main.go:158.59,160.3 1 0
github.com/h4ribote/Paper-Street/cmd/bots/corporate_ai/main.go:161.2,162.16 2 0
github.com/h4ribote/Paper-Street/cmd/bots/corporate_ai/main.go:162.16,164.3 1 0
github.com/h4ribote/Paper-Street/cmd/bots/corporate_ai/main.go:165.2,165.19 1 0
github.com/h4ribote/Paper-Street/cmd/bots/corporate_ai/main.go:165.19,167.3 1 0
github.com/h4ribote/Paper-Street/cmd/bots/corporate_ai/main.go:168.2,169.16 2 0
github.com/h4ribote/Paper-Street/cmd/bots/corporate_ai/main.go:169.16,171.3 1 0
github.com/h4ribote/Paper-Street/cmd/bots/corporate_ai/main.go:172.2,172.21 1 0
github.com/h4ribote/Paper-Street/cmd/bots/corporate_ai/main.go:172.21,174.3 1 0
github.com/h4ribote/Paper-Street/cmd/bots/corporate_ai/main.go:175.2,176.16 2 0
github.com/h4ribote/Paper-Street/cmd/bots/corporate_ai/main.go:176.16,178.3 1 0
github.com/h4ribote/Paper-Street/cmd/bots/corporate_ai/main.go:179.2,179.26 1 0
github.com/h4ribote/Paper-Street/cmd/bots/corporate_ai/main.go:179.26,181.3 1 0
github.com/h4ribote/Paper-Street/cmd/bots/corporate_ai/main.go:182.2,183.24 2 0
github.com/h4ribote/Paper-Street/cmd/bots/corporate_ai/main.go:183.24,185.3 1 0
github.com/h4ribote/Paper-Street/cmd/bots/corporate_ai/main.go:186.2,187.16 2 0
github.com/h4ribote/Paper-Street/cmd/bots/corporate_ai/main.go:187.16,189.3 1 0
github.com/h4ribote/Paper-Street/cmd/bots/corporate_ai/main.go:190.2,190.26 1 0
github.com/h4ribote/Paper-Street/cmd/bots/corporate_ai/main.go:190.26,192.3 1 0
github.com/h4ribote/Paper-Street/cmd/bots/corporate_ai/main.go:193.2,205.8 1 0
github.com/h4ribote/Paper-Street/cmd/bots/national_ai/main.go:26.13,28.16 2 0
github.com/h4ribote/Paper-Street/cmd/bots/national_ai/main.go:28.16,30.3 1 0
github.com/h4ribote/Paper-Street/cmd/bots/national_ai/main.go:31.2,35.6 5 0
github.com/h4ribote/Paper-Street/cmd/bots/national_ai/main.go:35.6,38.3 2 0
github.com/h4ribote/Paper-Street/cmd/bots/national_ai/main.go:41.66,45.16 4 0
github.com/h4ribote/Paper-Street/cmd/bots/national_ai/main.go:45.16,48.3 2 0
github.com/h4ribote/Paper-Street/cmd/bots/national_ai/main.go:49.2,52.16 4 0
github.com/h4ribote/Paper-Street/cmd/bots/national_ai/main.go:52.16,55.3 2 0
github.com/h4ribote/Paper-Street/cmd/bots/national_ai/main.go:56.2,56.29 1 0
github.com/h4ribote/Paper-Street/cmd/bots/national_ai/main.go:56.29,58.10 2 0
github.com/h4ribote/Paper-Street/cmd/bots/national_ai/main.go:58.10,59.12 1 0
github.com/h4ribote/Paper-Street/cmd/bots/national_ai/main.go:61.3,62.80 2 0
github.com/h4ribote/Paper-Street/cmd/bots/national_ai/main.go:62.80,63.12 1 0
github.com/h4ribote/Paper-Street/cmd/bots/national_ai/main.go:65.3,65.21 1 0
github.com/h4ribote/Paper-Street/cmd/bots/national_ai/main.go:65.21,67.20 2 0
github.com/h4ribote/Paper-Street/cmd/bots/national_ai/main.go:67.20,69.5 1 0
github.com/h4ribote/Paper-Street/cmd/bots/national_ai/main.go:71.3,73.41 3 0
github.com/h4ribote/Paper-Street/cmd/bots/national_ai/main.go:73.41,76.4 2 0
github.com/h4ribote/Paper-Street/cmd/bots/national_ai/main.go:77.3,86.17 5 0
github.com/h4ribote/Paper-Street/cmd/bots/national_ai/main.go:86.17,88.12 2 0
github.com/h4ribote/Paper-Street/cmd/bots/national_ai/main.go:90.3,90.135 1 0
github.com/h4ribote/Paper-Street/cmd/bots/national_ai/main.go:94.108,95.29 1 0
github.com/h4ribote/Paper-Street/cmd/bots/national_ai/main.go:95.29,96.115 1 0
github.com/h4ribote/Paper-Street/cmd/bots/national_ai/main.go:96.115,97.12 1 0
github.com/h4ribote/Paper-Street/cmd/bots/national_ai/main.go:99.3,100.15 2 0
github.com/h4ribote/Paper-Street/cmd/bots/national_ai/main.go:100.15,102.4 1 0
github.com/h4ribote/Paper-Street/cmd/bots/national_ai/main.go:104.2,104.29 1 0
github.com/h4ribote/Paper-Street/cmd/bots/national_ai/main.go:104.29,105.115 1 0
github.com/h4ribote/Paper-Street/cmd/bots/national_ai/main.go:105.115,106.12 1 0
github.com/h4ribote/Paper-Street/cmd/bots/national_ai/main.go:108.3,109.15 2 0
github.com/h4ribote/Paper-Street/cmd/bots/national_ai/main.go:109.15,111.4 1 0
github.com/h4ribote/Paper-Street/cmd/bots/national_ai/main.go:113.2,113.17 1 0
github.com/h4ribote/Paper-Street/cmd/bots/national_ai/main.go:116.35,118.19 2 0
github.com/h4ribote/Paper-Street/cmd/bots/national_ai/main.go:118.19,120.3 1 0
github.com/h4ribote/Paper-Street/cmd/bots/national_ai/main.go:121.2,122.16 2 0
github.com/h4ribote/Paper-Street/cmd/bots/national_ai/main.go:122.16,124.3 1 0
github.com/h4ribote/Paper-Street/cmd/bots/national_ai/main.go:125.2,125.25 1 0
github.com/h4ribote/Paper-Street/cmd/bots/national_ai/main.go:125.25,127.3 1 0
github.com/h4ribote/Paper-Street/cmd/bots/national_ai/main.go:128.2,136.16 2 0
github.com/h4ribote/Paper-Street/cmd/bots/national_ai/main.go:136.16,138.3 1 0
github.com/h4ribote/Paper-Street/cmd/bots/national_ai/main.go:139.2,141.16 3 0
github.com/h4ribote/Paper-Street/cmd/bots/national_ai/main.go:141.16,143.3 1 0
github.com/h4ribote/Paper-Street/cmd/bots/national_ai/main.go:144.2,144.17 1 0
github.com/h4ribote/Paper-Street/cmd/bots/national_ai/main.go:144.17,146.3 1 0
github.com/h4ribote/Paper-Street/cmd/bots/national_ai/main.go:147.2,147.59 1 0
github.com/h4ribote/Paper-Street/cmd/bots/national_ai/main.go:147.59,149.3 1 0
github.com/h4ribote/Paper-Street/cmd/bots/national_ai/main.go:150.2,151.16 2 0
github.com/h4ribote/Paper-Street/cmd/bots/national_ai/main.go:151.16,153.3 1 0
github.com/h4ribote/Paper-Street/cmd/bots/national_ai/main.go:154.2,154.21 1 0
github.com/h4ribote/Paper-Street/cmd/bots/national_ai/main.go:154.21,156.3 1 0
github.com/h4ribote/Paper-Street/cmd/bots/national_ai/main.go:157.2,158.16 2 0
github.com/h4ribote/Paper-Street/cmd/bots/national_ai/main.go:158.16,160.3 1 0
github.com/h4ribote/Paper-Street/cmd/bots/national_ai/main.go:161.2,161.29 1 0
github.com/h4ribote/Paper-Street/cmd/bots/national_ai/main.go:161.29,163.3 1 0
github.com/h4ribote/Paper-Street/cmd/bots/national_ai/main.go:164.2,165.16 2 0
github.com/h4ribote/Paper-Street/cmd/bots/national_ai/main.go:165.16,167.3 1 0
github.com/h4ribote/Paper-Street/cmd/bots/national_ai/main.go:168.2,168.16 1 0
github.com/h4ribote/Paper-Street/cmd/bots/national_ai/main.go:168.16,170.3 1 0
github.com/h4ribote/Paper-Street/cmd/bots/national_ai/main.go:171.2,172.16 2 0
github.com/h4ribote/Paper-Street/cmd/bots/national_ai/main.go:172.16,174.3 1 0
github.com/h4ribote/Paper-Street/cmd/bots/national_ai/main.go:175.2,175.26 1 0
github.com/h4ribote/Paper-Street/cmd/bots/national_ai/main.go:175.26,177.3 1 0
github.com/h4ribote/Paper-Street/cmd/bots/national_ai/main.go:178.2,187.8 1 0
github.com/h4ribote/Paper-Street/cmd/bots/momentum_chaser/main.go:34.13,36.16 2 0
github.com/h4ribote/Paper-Street/cmd/bots/momentum_chaser/main.go:36.16,38.3 1 0
github.com/h4ribote/Paper-Street/cmd/bots/momentum_chaser/main.go:39.2,43.6 5 0
github.com/h4ribote/Paper-Street/cmd/bots/momentum_chaser/main.go:43.6,46.3 2 0
github.com/h4ribote/Paper-Street/cmd/bots/momentum_chaser/main.go:49.66,50.39 1 0
github.com/h4ribote/Paper-Street/cmd/bots/momentum_chaser/main.go:50.39,54.17 4 0
github.com/h4ribote/Paper-Street/cmd/bots/momentum_chaser/main.go:54.17,56.12 2 0
github.com/h4ribote/Paper-Street/cmd/bots/momentum_chaser/main.go:58.3,59.10 2 0
github.com/h4ribote/Paper-Street/cmd/bots/momentum_chaser/main.go:59.10,60.12 1 0
github.com/h4ribote/Paper-Street/cmd/bots/momentum_chaser/main.go:62.3,62.21 1 0
github.com/h4ribote/Paper-Street/cmd/bots/momentum_chaser/main.go:62.21,64.20 2 0
github.com/h4ribote/Paper-Street/cmd/bots/momentum_chaser/main.go:64.20,66.5 1 0
github.com/h4ribote/Paper-Street/cmd/bots/momentum_chaser/main.go:68.3,80.17 7 0
github.com/h4ribote/Paper-Street/cmd/bots/momentum_chaser/main.go:80.17,82.12 2 0
github.com/h4ribote/Paper-Street/cmd/bots/momentum_chaser/main.go:84.3,84.116 1 0
github.com/h4ribote/Paper-Street/cmd/bots/momentum_chaser/main.go:88.35,90.19 2 0
github.com/h4ribote/Paper-Street/cmd/bots/momentum_chaser/main.go:90.19,92.3 1 0
github.com/h4ribote/Paper-Street/cmd/bots/momentum_chaser/main.go:93.2,94.16 2 0
github.com/h4ribote/Paper-Street/cmd/bots/momentum_chaser/main.go:94.16,96.3 1 0
github.com/h4ribote/Paper-Street/cmd/bots/momentum_chaser/main.go:97.2,97.25 1 0
github.com/h4ribote/Paper-Street/cmd/bots/momentum_chaser/main.go:97.25,99.3 1 0
github.com/h4ribote/Paper-Street/cmd/bots/momentum_chaser/main.go:100.2,108.16 2 0
github.com/h4ribote/Paper-Street/cmd/bots/momentum_chaser/main.go:108.16,110.3 1 0
github.com/h4ribote/Paper-Street/cmd/bots/momentum_chaser/main.go:111.2,113.16 3 0
github.com/h4ribote/Paper-Street/cmd/bots/momentum_chaser/main.go:113.16,115.3 1 0
github.com/h4ribote/Paper-Street/cmd/bots/momentum_chaser/main.go:116.2,116.24 1 0
github.com/h4ribote/Paper-Street/cmd/bots/momentum_chaser/main.go:116.24,118.17 2 0
github.com/h4ribote/Paper-Street/cmd/bots/momentum_chaser/main.go:118.17,120.4 1 0
github.com/h4ribote/Paper-Street/cmd/bots/momentum_chaser/main.go:121.3,121.19 1 0
github.com/h4ribote/Paper-Street/cmd/bots/momentum_chaser/main.go:121.19,123.4 1 0
github.com/h4ribote/Paper-Street/cmd/bots/momentum_chaser/main.go:124.3,124.30 1 0
github.com/h4ribote/Paper-Street/cmd/bots/momentum_chaser/main.go:126.2,127.16 2 0
github.com/h4ribote/Paper-Street/cmd/bots/momentum_chaser/main.go:127.16,129.3 1 0
github.com/h4ribote/Paper-Street/cmd/bots/momentum_chaser/main.go:130.2,130.17 1 0
github.com/h4ribote/Paper-Street/cmd/bots/momentum_chaser/main.go:130.17,132.3 1 0
github.com/h4ribote/Paper-Street/cmd/bots/momentum_chaser/main.go:133.2,133.59 1 0
github.com/h4ribote/Paper-Street/cmd/bots/momentum_chaser/main.go:133.59,135.3 1 0
github.com/h4ribote/Paper-Street/cmd/bots/momentum_chaser/main.go:136.2,137.16 2 0
github.com/h4ribote/Paper-Street/cmd/bots/momentum_chaser/main.go:137.16,139.3 1 0
github.com/h4ribote/Paper-Street/cmd/bots/momentum_chaser/main.go:140.2,140.23 1 0
github.com/h4ribote/Paper-Street/cmd/bots/momentum_chaser/main.go:140.23,142.3 1 0
github.com/h4ribote/Paper-Street/cmd/bots/momentum_chaser/main.go:143.2,144.21 2 0
github.com/h4ribote/Paper-Street/cmd/bots/momentum_chaser/main.go:144.21,146.3 1 0
github.com/h4ribote/Paper-Street/cmd/bots/momentum_chaser/main.go:147.2,148.16 2 0
github.com/h4ribote/Paper-Street/cmd/bots/momentum_chaser/main.go:148.16,150.3 1 0
github.com/h4ribote/Paper-Street/cmd/bots/momentum_chaser/main.go:151.2,151.22 1 0
github.com/h4ribote/Paper-Street/cmd/bots/momentum_chaser/main.go:151.22,153.3 1 0
github.com/h4ribote/Paper-Street/cmd/bots/momentum_chaser/main.go:154.2,155.16 2 0
github.com/h4ribote/Paper-Street/cmd/bots/momentum_chaser/main.go:155.16,157.3 1 0
github.com/h4ribote/Paper-Street/cmd/bots/momentum_chaser/main.go:158.2,158.22 1 0
github.com/h4ribote/Paper-Street/cmd/bots/momentum_chaser/main.go:158.22,160.3 1 0
github.com/h4ribote/Paper-Street/cmd/bots/momentum_chaser/main.go:161.2,162.16 2 0
github.com/h4ribote/Paper-Street/cmd/bots/momentum_chaser/main.go:162.16,164.3 1 0
github.com/h4ribote/Paper-Street/cmd/bots/momentum_chaser/main.go:165.2,165.21 1 0
github.com/h4ribote/Paper-Street/cmd/bots/momentum_chaser/main.go:165.21,167.3 1 0
github.com/h4ribote/Paper-Street/cmd/bots/momentum_chaser/main.go:168.2,169.16 2 0
github.com/h4ribote/Paper-Street/cmd/bots/momentum_chaser/main.go:169.16,171.3 1 0
github.com/h4ribote/Paper-Street/cmd/bots/momentum_chaser/main.go:172.2,172.27 1 0
github.com/h4ribote/Paper-Street/cmd/bots/momentum_chaser/main.go:172.27,174.3 1 0
github.com/h4ribote/Paper-Street/cmd/bots/momentum_chaser/main.go:175.2,176.16 2 0
github.com/h4ribote/Paper-Street/cmd/bots/momentum_chaser/main.go:176.16,178.3 1 0
github.com/h4ribote/Paper-Street/cmd/bots/momentum_chaser/main.go:179.2,179.27 1 0
github.com/h4ribote/Paper-Street/cmd/bots/momentum_chaser/main.go:179.27,181.3 1 0
github.com/h4ribote/Paper-Street/cmd/bots/momentum_chaser/main.go:182.2,183.16 2 0
github.com/h4ribote/Paper-Street/cmd/bots/momentum_chaser/main.go:183.16,185.3 1 0
github.com/h4ribote/Paper-Street/cmd/bots/momentum_chaser/main.go:186.2,186.24 1 0
github.com/h4ribote/Paper-Street/cmd/bots/momentum_chaser/main.go:186.24,188.3 1 0
github.com/h4ribote/Paper-Street/cmd/bots/momentum_chaser/main.go:189.2,190.16 2 0
github.com/h4ribote/Paper-Street/cmd/bots/momentum_chaser/main.go:190.16,192.3 1 0
github.com/h4ribote/Paper-Street/cmd/bots/momentum_chaser/main.go:193.2,193.16 1 0
github.com/h4ribote/Paper-Street/cmd/bots/momentum_chaser/main.go:193.16,195.3 1 0
github.com/h4ribote/Paper-Street/cmd/bots/momentum_chaser/main.go:196.2,197.16 2 0
github.com/h4ribote/Paper-Street/cmd/bots/momentum_chaser/main.go:197.16,199.3 1 0
github.com/h4ribote/Paper-Street/cmd/bots/momentum_chaser/main.go:200.2,200.26 1 0
github.com/h4ribote/Paper-Street/cmd/bots/momentum_chaser/main.go:200.26,202.3 1 0
github.com/h4ribote/Paper-Street/cmd/bots/momentum_chaser/main.go:203.2,219.8 1 0
github.com/h4ribote/Paper-Street/cmd/bots/market_maker/main.go:35.13,37.16 2 0
github.com/h4ribote/Paper-Street/cmd/bots/market_maker/main.go:37.16,39.3 1 0
github.com/h4ribote/Paper-Street/cmd/bots/market_maker/main.go:40.2,42.52 3 0
github.com/h4ribote/Paper-Street/cmd/bots/market_maker/main.go:42.52,44.3 1 0
github.com/h4ribote/Paper-Street/cmd/bots/market_maker/main.go:45.2,47.21 3 0
github.com/h4ribote/Paper-Street/cmd/bots/market_maker/main.go:47.21,48.53 1 0
github.com/h4ribote/Paper-Street/cmd/bots/market_maker/main.go:48.53,50.4 1 0
github.com/h4ribote/Paper-Street/cmd/bots/market_maker/main.go:54.75,55.35 1 0
github.com/h4ribote/Paper-Street/cmd/bots/market_maker/main.go:55.35,57.3 1 0
github.com/h4ribote/Paper-Street/cmd/bots/market_maker/main.go:58.2,62.16 5 0
github.com/h4ribote/Paper-Street/cmd/bots/market_maker/main.go:62.16,64.3 1 0
github.com/h4ribote/Paper-Street/cmd/bots/market_maker/main.go:64.8,66.3 1 0
github.com/h4ribote/Paper-Street/cmd/bots/market_maker/main.go:68.2,71.37 4 0
github.com/h4ribote/Paper-Street/cmd/bots/market_maker/main.go:71.37,73.3 1 0
github.com/h4ribote/Paper-Street/cmd/bots/market_maker/main.go:74.2,93.68 5 0
github.com/h4ribote/Paper-Street/cmd/bots/market_maker/main.go:93.68,97.3 3 0
github.com/h4ribote/Paper-Street/cmd/bots/market_maker/main.go:98.2,98.51 1 0
github.com/h4ribote/Paper-Street/cmd/bots/market_maker/main.go:98.51,101.3 2 0
github.com/h4ribote/Paper-Street/cmd/bots/market_maker/main.go:101.8,104.3 2 0
github.com/h4ribote/Paper-Street/cmd/bots/market_maker/main.go:105.2,105.52 1 0
github.com/h4ribote/Paper-Street/cmd/bots/market_maker/main.go:105.52,108.3 2 0
github.com/h4ribote/Paper-Street/cmd/bots/market_maker/main.go:108.8,111.3 2 0
github.com/h4ribote/Paper-Street/cmd/bots/market_maker/main.go:112.2,114.12 3 0
github.com/h4ribote/Paper-Street/cmd/bots/market_maker/main.go:117.95,118.35 1 0
github.com/h4ribote/Paper-Street/cmd/bots/market_maker/main.go:118.35,120.3 1 0
github.com/h4ribote/Paper-Street/cmd/bots/market_maker/main.go:121.2,123.66 3 0
github.com/h4ribote/Paper-Street/cmd/bots/market_maker/main.go:123.66,125.3 1 0
github.com/h4ribote/Paper-Street/cmd/bots/market_maker/main.go:128.35,130.19 2 0
github.com/h4ribote/Paper-Street/cmd/bots/market_maker/main.go:130.19,132.3 1 0
github.com/h4ribote/Paper-Street/cmd/bots/market_maker/main.go:133.2,134.16 2 0
github.com/h4ribote/Paper-Street/cmd/bots/market_maker/main.go:134.16,136.3 1 0
github.com/h4ribote/Paper-Street/cmd/bots/market_maker/main.go:137.2,137.25 1 0
github.com/h4ribote/Paper-Street/cmd/bots/market_maker/main.go:137.25,139.3 1 0
github.com/h4ribote/Paper-Street/cmd/bots/market_maker/main.go:140.2,148.16 2 0
github.com/h4ribote/Paper-Street/cmd/bots/market_maker/main.go:148.16,150.3 1 0
github.com/h4ribote/Paper-Street/cmd/bots/market_maker/main.go:151.2,153.16 3 0
github.com/h4ribote/Paper-Street/cmd/bots/market_maker/main.go:153.16,155.3 1 0
github.com/h4ribote/Paper-Street/cmd/bots/market_maker/main.go:156.2,156.18 1 0
github.com/h4ribote/Paper-Street/cmd/bots/market_maker/main.go:156.18,158.3 1 0
github.com/h4ribote/Paper-Street/cmd/bots/market_maker/main.go:159.2,160.16 2 0
github.com/h4ribote/Paper-Street/cmd/bots/market_maker/main.go:160.16,162.3 1 0
github.com/h4ribote/Paper-Street/cmd/bots/market_maker/main.go:163.2,163.17 1 0
github.com/h4ribote/Paper-Street/cmd/bots/market_maker/main.go:163.17,165.3 1 0
github.com/h4ribote/Paper-Street/cmd/bots/market_maker/main.go:166.2,166.59 1 0
github.com/h4ribote/Paper-Street/cmd/bots/market_maker/main.go:166.59,168.3 1 0
github.com/h4ribote/Paper-Street/cmd/bots/market_maker/main.go:169.2,170.16 2 0
github.com/h4ribote/Paper-Street/cmd/bots/market_maker/main.go:170.16,172.3 1 0
github.com/h4ribote/Paper-Street/cmd/bots/market_maker/main.go:173.2,173.19 1 0
github.com/h4ribote/Paper-Street/cmd/bots/market_maker/main.go:173.19,175.3 1 0
github.com/h4ribote/Paper-Street/cmd/bots/market_maker/main.go:176.2,177.16 2 0
github.com/h4ribote/Paper-Street/cmd/bots/market_maker/main.go:177.16,179.3 1 0
github.com/h4ribote/Paper-Street/cmd/bots/market_maker/main.go:180.2,180.20 1 0
github.com/h4ribote/Paper-Street/cmd/bots/market_maker/main.go:180.20,182.3 1 0
github.com/h4ribote/Paper-Street/cmd/bots/market_maker/main.go:183.2,184.16 2 0
github.com/h4ribote/Paper-Street/cmd/bots/market_maker/main.go:184.16,186.3 1 0
github.com/h4ribote/Paper-Street/cmd/bots/market_maker/main.go:187.2,187.16 1 0
github.com/h4ribote/Paper-Street/cmd/bots/market_maker/main.go:187.16,189.3 1 0
github.com/h4ribote/Paper-Street/cmd/bots/market_maker/main.go:190.2,191.16 2 0
github.com/h4ribote/Paper-Street/cmd/bots/market_maker/main.go:191.16,193.3 1 0
github.com/h4ribote/Paper-Street/cmd/bots/market_maker/main.go:194.2,194.24 1 0
github.com/h4ribote/Paper-Street/cmd/bots/market_maker/main.go:194.24,196.3 1 0
github.com/h4ribote/Paper-Street/cmd/bots/market_maker/main.go:197.2,198.16 2 0
github.com/h4ribote/Paper-Street/cmd/bots/market_maker/main.go:198.16,200.3 1 0
github.com/h4ribote/Paper-Street/cmd/bots/market_maker/main.go:201.2,201.26 1 0
github.com/h4ribote/Paper-Street/cmd/bots/market_maker/main.go:201.26,203.3 1 0
github.com/h4ribote/Paper-Street/cmd/bots/market_maker/main.go:204.2,215.8 1 0
github.com/h4ribote/Paper-Street/cmd/bots/news_reactor/main.go:33.13,35.16 2 0
github.com/h4ribote/Paper-Street/cmd/bots/news_reactor/main.go:35.16,37.3 1 0
github.com/h4ribote/Paper-Street/cmd/bots/news_reactor/main.go:38.2,42.21 5 0
github.com/h4ribote/Paper-Street/cmd/bots/news_reactor/main.go:42.21,44.17 2 0
github.com/h4ribote/Paper-Street/cmd/bots/news_reactor/main.go:44.17,45.12 1 0
github.com/h4ribote/Paper-Street/cmd/bots/news_reactor/main.go:47.3,48.62 2 0
github.com/h4ribote/Paper-Street/cmd/bots/news_reactor/main.go:48.62,50.12 2 0
github.com/h4ribote/Paper-Street/cmd/bots/news_reactor/main.go:52.3,52.25 1 0
github.com/h4ribote/Paper-Street/cmd/bots/news_reactor/main.go:52.25,54.4 1 0
github.com/h4ribote/Paper-Street/cmd/bots/news_reactor/main.go:55.3,55.25 1 0
github.com/h4ribote/Paper-Street/cmd/bots/news_reactor/main.go:55.25,57.12 2 0
github.com/h4ribote/Paper-Street/cmd/bots/news_reactor/main.go:59.3,60.10 2 0
github.com/h4ribote/Paper-Street/cmd/bots/news_reactor/main.go:60.10,61.12 1 0
github.com/h4ribote/Paper-Street/cmd/bots/news_reactor/main.go:63.3,63.21 1 0
github.com/h4ribote/Paper-Street/cmd/bots/news_reactor/main.go:63.21,65.20 2 0
github.com/h4ribote/Paper-Street/cmd/bots/news_reactor/main.go:65.20,67.5 1 0
github.com/h4ribote/Paper-Street/cmd/bots/news_reactor/main.go:69.3,79.17 5 0
github.com/h4ribote/Paper-Street/cmd/bots/news_reactor/main.go:79.17,81.12 2 0
github.com/h4ribote/Paper-Street/cmd/bots/news_reactor/main.go:83.3,83.93 1 0
github.com/h4ribote/Paper-Street/cmd/bots/news_reactor/main.go:85.2,85.38 1 0
github.com/h4ribote/Paper-Street/cmd/bots/news_reactor/main.go:85.38,87.3 1 0
github.com/h4ribote/Paper-Street/cmd/bots/news_reactor/main.go:90.35,92.19 2 0
github.com/h4ribote/Paper-Street/cmd/bots/news_reactor/main.go:92.19,94.3 1 0
github.com/h4ribote/Paper-Street/cmd/bots/news_reactor/main.go:95.2,96.16 2 0
github.com/h4ribote/Paper-Street/cmd/bots/news_reactor/main.go:96.16,98.3 1 0
github.com/h4ribote/Paper-Street/cmd/bots/news_reactor/main.go:99.2,99.25 1 0
github.com/h4ribote/Paper-Street/cmd/bots/news_reactor/main.go:99.25,101.3 1 0
github.com/h4ribote/Paper-Street/cmd/bots/news_reactor/main.go:102.2,110.16 2 0
github.com/h4ribote/Paper-Street/cmd/bots/news_reactor/main.go:110.16,112.3 1 0
github.com/h4ribote/Paper-Street/cmd/bots/news_reactor/main.go:113.2,115.16 3 0
github.com/h4ribote/Paper-Street/cmd/bots/news_reactor/main.go:115.16,117.3 1 0
github.com/h4ribote/Paper-Street/cmd/bots/news_reactor/main.go:118.2,118.17 1 0
github.com/h4ribote/Paper-Street/cmd/bots/news_reactor/main.go:118.17,120.3 1 0
github.com/h4ribote/Paper-Street/cmd/bots/news_reactor/main.go:121.2,121.59 1 0
github.com/h4ribote/Paper-Street/cmd/bots/news_reactor/main.go:121.59,123.3 1 0
github.com/h4ribote/Paper-Street/cmd/bots/news_reactor/main.go:124.2,125.16 2 0
github.com/h4ribote/Paper-Street/cmd/bots/news_reactor/main.go:125.16,127.3 1 0
github.com/h4ribote/Paper-Street/cmd/bots/news_reactor/main.go:128.2,129.16 2 0
github.com/h4ribote/Paper-Street/cmd/bots/news_reactor/main.go:129.16,131.3 1 0
github.com/h4ribote/Paper-Street/cmd/bots/news_reactor/main.go:132.2,132.23 1 0
github.com/h4ribote/Paper-Street/cmd/bots/news_reactor/main.go:132.23,134.3 1 0
github.com/h4ribote/Paper-Street/cmd/bots/news_reactor/main.go:135.2,136.16 2 0
github.com/h4ribote/Paper-Street/cmd/bots/news_reactor/main.go:136.16,138.3 1 0
github.com/h4ribote/Paper-Street/cmd/bots/news_reactor/main.go:139.2,139.44 1 0
github.com/h4ribote/Paper-Street/cmd/bots/news_reactor/main.go:139.44,141.3 1 0
github.com/h4ribote/Paper-Street/cmd/bots/news_reactor/main.go:142.2,143.16 2 0
github.com/h4ribote/Paper-Street/cmd/bots/news_reactor/main.go:143.16,145.3 1 0
github.com/h4ribote/Paper-Street/cmd/bots/news_reactor/main.go:146.2,146.16 1 0
github.com/h4ribote/Paper-Street/cmd/bots/news_reactor/main.go:146.16,148.3 1 0
github.com/h4ribote/Paper-Street/cmd/bots/news_reactor/main.go:149.2,158.8 1 0
github.com/h4ribote/Paper-Street/cmd/bots/public_consumer/main.go:23.13,25.16 2 0
github.com/h4ribote/Paper-Street/cmd/bots/public_consumer/main.go:25.16,27.3 1 0
github.com/h4ribote/Paper-Street/cmd/bots/public_consumer/main.go:28.2,31.6 4 0
github.com/h4ribote/Paper-Street/cmd/bots/public_consumer/main.go:31.6,34.3 2 0
github.com/h4ribote/Paper-Street/cmd/bots/public_consumer/main.go:37.50,41.16 4 0
github.com/h4ribote/Paper-Street/cmd/bots/public_consumer/main.go:41.16,44.3 2 0
github.com/h4ribote/Paper-Street/cmd/bots/public_consumer/main.go:45.2,48.16 4 0
github.com/h4ribote/Paper-Street/cmd/bots/public_consumer/main.go:48.16,51.3 2 0
github.com/h4ribote/Paper-Street/cmd/bots/public_consumer/main.go:52.2,55.25 4 0
github.com/h4ribote/Paper-Street/cmd/bots/public_consumer/main.go:55.25,57.3 1 0
github.com/h4ribote/Paper-Street/cmd/bots/public_consumer/main.go:58.2,61.38 4 0
github.com/h4ribote/Paper-Street/cmd/bots/public_consumer/main.go:61.38,63.3 1 0
github.com/h4ribote/Paper-Street/cmd/bots/public_consumer/main.go:64.2,64.106 1 0
github.com/h4ribote/Paper-Street/cmd/bots/public_consumer/main.go:67.91,68.19 1 0
github.com/h4ribote/Paper-Street/cmd/bots/public_consumer/main.go:68.19,70.3 1 0
github.com/h4ribote/Paper-Street/cmd/bots/public_consumer/main.go:71.2,72.21 2 0
github.com/h4ribote/Paper-Street/cmd/bots/public_consumer/main.go:72.21,74.20 2 0
github.com/h4ribote/Paper-Street/cmd/bots/public_consumer/main.go:74.20,76.4 1 0
github.com/h4ribote/Paper-Street/cmd/bots/public_consumer/main.go:78.2,78.31 1 0
github.com/h4ribote/Paper-Street/cmd/bots/public_consumer/main.go:78.31,89.17 5 0
github.com/h4ribote/Paper-Street/cmd/bots/public_consumer/main.go:89.17,91.12 2 0
github.com/h4ribote/Paper-Street/cmd/bots/public_consumer/main.go:93.3,93.98 1 0
github.com/h4ribote/Paper-Street/cmd/bots/public_consumer/main.go:97.85,98.31 1 0
github.com/h4ribote/Paper-Street/cmd/bots/public_consumer/main.go:98.31,101.73 3 0
github.com/h4ribote/Paper-Street/cmd/bots/public_consumer/main.go:101.73,103.12 2 0
github.com/h4ribote/Paper-Street/cmd/bots/public_consumer/main.go:105.3,105.33 1 0
github.com/h4ribote/Paper-Street/cmd/bots/public_consumer/main.go:107.2,107.26 1 0
github.com/h4ribote/Paper-Street/cmd/bots/public_consumer/main.go:110.57,113.39 3 0
github.com/h4ribote/Paper-Street/cmd/bots/public_consumer/main.go:113.39,114.63 1 0
github.com/h4ribote/Paper-Street/cmd/bots/public_consumer/main.go:114.63,117.4 2 0
github.com/h4ribote/Paper-Street/cmd/bots/public_consumer/main.go:119.2,119.16 1 0
github.com/h4ribote/Paper-Street/cmd/bots/public_consumer/main.go:119.16,121.3 1 0
github.com/h4ribote/Paper-Street/cmd/bots/public_consumer/main.go:122.2,122.20 1 0
github.com/h4ribote/Paper-Street/cmd/bots/public_consumer/main.go:125.35,127.19 2 0
github.com/h4ribote/Paper-Street/cmd/bots/public_consumer/main.go:127.19,129.3 1 0
github.com/h4ribote/Paper-Street/cmd/bots/public_consumer/main.go:130.2,131.16 2 0
github.com/h4ribote/Paper-Street/cmd/bots/public_consumer/main.go:131.16,133.3 1 0
github.com/h4ribote/Paper-Street/cmd/bots/public_consumer/main.go:134.2,134.25 1 0
github.com/h4ribote/Paper-Street/cmd/bots/public_consumer/main.go:134.25,136.3 1 0
github.com/h4ribote/Paper-Street/cmd/bots/public_consumer/main.go:137.2,145.16 2 0
github.com/h4ribote/Paper-Street/cmd/bots/public_consumer/main.go:145.16,147.3 1 0
github.com/h4ribote/Paper-Street/cmd/bots/public_consumer/main.go:148.2,150.16 3 0
github.com/h4ribote/Paper-Street/cmd/bots/public_consumer/main.go:150.16,152.3 1 0
github.com/h4ribote/Paper-Street/cmd/bots/public_consumer/main.go:153.2,153.17 1 0
github.com/h4ribote/Paper-Street/cmd/bots/public_consumer/main.go:153.17,155.3 1 0
github.com/h4ribote/Paper-Street/cmd/bots/public_consumer/main.go:156.2,156.59 1 0
github.com/h4ribote/Paper-Street/cmd/bots/public_consumer/main.go:156.59,158.3 1 0
github.com/h4ribote/Paper-Street/cmd/bots/public_consumer/main.go:159.2,160.16 2 0
github.com/h4ribote/Paper-Street/cmd/bots/public_consumer/main.go:160.16,162.3 1 0
github.com/h4ribote/Paper-Street/cmd/bots/public_consumer/main.go:163.2,163.23 1 0
github.com/h4ribote/Paper-Street/cmd/bots/public_consumer/main.go:163.23,165.3 1 0
github.com/h4ribote/Paper-Street/cmd/bots/public_consumer/main.go:166.2,167.16 2 0
github.com/h4ribote/Paper-Street/cmd/bots/public_consumer/main.go:167.16,169.3 1 0
github.com/h4ribote/Paper-Street/cmd/bots/public_consumer/main.go:170.2,170.26 1 0
github.com/h4ribote/Paper-Street/cmd/bots/public_consumer/main.go:170.26,172.3 1 0
github.com/h4ribote/Paper-Street/cmd/bots/public_consumer/main.go:173.2,180.8 1 0
github.com/h4ribote/Paper-Street/cmd/bots/reversal_sniper/main.go:30.13,32.16 2 0
github.com/h4ribote/Paper-Street/cmd/bots/reversal_sniper/main.go:32.16,34.3 1 0
github.com/h4ribote/Paper-Street/cmd/bots/reversal_sniper/main.go:35.2,39.6 5 0
github.com/h4ribote/Paper-Street/cmd/bots/reversal_sniper/main.go:39.6,42.3 2 0
github.com/h4ribote/Paper-Street/cmd/bots/reversal_sniper/main.go:45.66,46.39 1 0
github.com/h4ribote/Paper-Street/cmd/bots/reversal_sniper/main.go:46.39,50.17 4 0
github.com/h4ribote/Paper-Street/cmd/bots/reversal_sniper/main.go:50.17,52.12 2 0
github.com/h4ribote/Paper-Street/cmd/bots/reversal_sniper/main.go:54.3,55.10 2 0
github.com/h4ribote/Paper-Street/cmd/bots/reversal_sniper/main.go:55.10,56.12 1 0
github.com/h4ribote/Paper-Street/cmd/bots/reversal_sniper/main.go:58.3,58.21 1 0
github.com/h4ribote/Paper-Street/cmd/bots/reversal_sniper/main.go:58.21,60.20 2 0
github.com/h4ribote/Paper-Street/cmd/bots/reversal_sniper/main.go:60.20,62.5 1 0
github.com/h4ribote/Paper-Street/cmd/bots/reversal_sniper/main.go:64.3,74.17 5 0
github.com/h4ribote/Paper-Street/cmd/bots/reversal_sniper/main.go:74.17,76.12 2 0
github.com/h4ribote/Paper-Street/cmd/bots/reversal_sniper/main.go:78.3,78.123 1 0
github.com/h4ribote/Paper-Street/cmd/bots/reversal_sniper/main.go:82.35,84.19 2 0
github.com/h4ribote/Paper-Street/cmd/bots/reversal_sniper/main.go:84.19,86.3 1 0
github.com/h4ribote/Paper-Street/cmd/bots/reversal_sniper/main.go:87.2,88.16 2 0
github.com/h4ribote/Paper-Street/cmd/bots/reversal_sniper/main.go:88.16,90.3 1 0
github.com/h4ribote/Paper-Street/cmd/bots/reversal_sniper/main.go:91.2,91.25 1 0
github.com/h4ribote/Paper-Street/cmd/bots/reversal_sniper/main.go:91.25,93.3 1 0
github.com/h4ribote/Paper-Street/cmd/bots/reversal_sniper/main.go:94.2,102.16 2 0
github.com/h4ribote/Paper-Street/cmd/bots/reversal_sniper/main.go:102.16,104.3 1 0
github.com/h4ribote/Paper-Street/cmd/bots/reversal_sniper/main.go:105.2,107.16 3 0
github.com/h4ribote/Paper-Street/cmd/bots/reversal_sniper/main.go:107.16,109.3 1 0
github.com/h4ribote/Paper-Street/cmd/bots/reversal_sniper/main.go:110.2,110.24 1 0
github.com/h4ribote/Paper-Street/cmd/bots/reversal_sniper/main.go:110.24,112.17 2 0
github.com/h4ribote/Paper-Street/cmd/bots/reversal_sniper/main.go:112.17,114.4 1 0
github.com/h4ribote/Paper-Street/cmd/bots/reversal_sniper/main.go:115.3,115.19 1 0
github.com/h4ribote/Paper-Street/cmd/bots/reversal_sniper/main.go:115.19,117.4 1 0
github.com/h4ribote/Paper-Street/cmd/bots/reversal_sniper/main.go:118.3,118.30 1 0
github.com/h4ribote/Paper-Street/cmd/bots/reversal_sniper/main.go:120.2,121.16 2 0
github.com/h4ribote/Paper-Street/cmd/bots/reversal_sniper/main.go:121.16,123.3 1 0
github.com/h4ribote/Paper-Street/cmd/bots/reversal_sniper/main.go:124.2,124.17 1 0
github.com/h4ribote/Paper-Street/cmd/bots/reversal_sniper/main.go:124.17,126.3 1 0
github.com/h4ribote/Paper-Street/cmd/bots/reversal_sniper/main.go:127.2,127.59 1 0
github.com/h4ribote/Paper-Street/cmd/bots/reversal_sniper/main.go:127.59,129.3 1 0
github.com/h4ribote/Paper-Street/cmd/bots/reversal_sniper/main.go:130.2,131.16 2 0
github.com/h4ribote/Paper-Street/cmd/bots/reversal_sniper/main.go:131.16,133.3 1 0
github.com/h4ribote/Paper-Street/cmd/bots/reversal_sniper/main.go:134.2,134.19 1 0
github.com/h4ribote/Paper-Street/cmd/bots/reversal_sniper/main.go:134.19,136.3 1 0
github.com/h4ribote/Paper-Street/cmd/bots/reversal_sniper/main.go:137.2,138.21 2 0
github.com/h4ribote/Paper-Street/cmd/bots/reversal_sniper/main.go:138.21,140.3 1 0
github.com/h4ribote/Paper-Street/cmd/bots/reversal_sniper/main.go:141.2,142.16 2 0
github.com/h4ribote/Paper-Street/cmd/bots/reversal_sniper/main.go:142.16,144.3 1 0
github.com/h4ribote/Paper-Street/cmd/bots/reversal_sniper/main.go:145.2,145.22 1 0
github.com/h4ribote/Paper-Street/cmd/bots/reversal_sniper/main.go:145.22,147.3 1 0
github.com/h4ribote/Paper-Street/cmd/bots/reversal_sniper/main.go:148.2,149.16 2 0
github.com/h4ribote/Paper-Street/cmd/bots/reversal_sniper/main.go:149.16,151.3 1 0
github.com/h4ribote/Paper-Street/cmd/bots/reversal_sniper/main.go:152.2,152.20 1 0
github.com/h4ribote/Paper-Street/cmd/bots/reversal_sniper/main.go:152.20,154.3 1 0
github.com/h4ribote/Paper-Street/cmd/bots/reversal_sniper/main.go:155.2,156.16 2 0
github.com/h4ribote/Paper-Street/cmd/bots/reversal_sniper/main.go:156.16,158.3 1 0
github.com/h4ribote/Paper-Street/cmd/bots/reversal_sniper/main.go:159.2,159.20 1 0
github.com/h4ribote/Paper-Street/cmd/bots/reversal_sniper/main.go:159.20,161.3 1 0
github.com/h4ribote/Paper-Street/cmd/bots/reversal_sniper/main.go:162.2,163.16 2 0
github.com/h4ribote/Paper-Street/cmd/bots/reversal_sniper/main.go:163.16,165.3 1 0
github.com/h4ribote/Paper-Street/cmd/bots/reversal_sniper/main.go:166.2,166.16 1 0
github.com/h4ribote/Paper-Street/cmd/bots/reversal_sniper/main.go:166.16,168.3 1 0
github.com/h4ribote/Paper-Street/cmd/bots/reversal_sniper/main.go:169.2,170.16 2 0
github.com/h4ribote/Paper-Street/cmd/bots/reversal_sniper/main.go:170.16,172.3 1 0
github.com/h4ribote/Paper-Street/cmd/bots/reversal_sniper/main.go:173.2,173.26 1 0
github.com/h4ribote/Paper-Street/cmd/bots/reversal_sniper/main.go:173.26,175.3 1 0
github.com/h4ribote/Paper-Street/cmd/bots/reversal_sniper/main.go:176.2,189.8 1 0
github.com/h4ribote/Paper-Street/cmd/bots/whale/main.go:34.13,36.16 2 0
github.com/h4ribote/Paper-Street/cmd/bots/whale/main.go:36.16,38.3 1 0
github.com/h4ribote/Paper-Street/cmd/bots/whale/main.go:39.2,43.6 5 0
github.com/h4ribote/Paper-Street/cmd/bots/whale/main.go:43.6,46.3 2 0
github.com/h4ribote/Paper-Street/cmd/bots/whale/main.go:49.73,50.26 1 0
github.com/h4ribote/Paper-Street/cmd/bots/whale/main.go:50.26,52.3 1 0
github.com/h4ribote/Paper-Street/cmd/bots/whale/main.go:53.2,54.19 2 0
github.com/h4ribote/Paper-Street/cmd/bots/whale/main.go:54.19,56.3 1 0
github.com/h4ribote/Paper-Street/cmd/bots/whale/main.go:57.2,57.32 1 0
github.com/h4ribote/Paper-Street/cmd/bots/whale/main.go:57.32,59.3 1 0
github.com/h4ribote/Paper-Street/cmd/bots/whale/main.go:60.2,63.16 4 0
github.com/h4ribote/Paper-Street/cmd/bots/whale/main.go:63.16,66.3 2 0
github.com/h4ribote/Paper-Street/cmd/bots/whale/main.go:67.2,70.16 4 0
github.com/h4ribote/Paper-Street/cmd/bots/whale/main.go:70.16,73.3 2 0
github.com/h4ribote/Paper-Street/cmd/bots/whale/main.go:74.2,77.33 4 0
github.com/h4ribote/Paper-Street/cmd/bots/whale/main.go:77.33,79.3 1 0
github.com/h4ribote/Paper-Street/cmd/bots/whale/main.go:80.2,81.14 2 0
github.com/h4ribote/Paper-Street/cmd/bots/whale/main.go:81.14,83.3 1 0
github.com/h4ribote/Paper-Street/cmd/bots/whale/main.go:84.2,84.14 1 0
github.com/h4ribote/Paper-Street/cmd/bots/whale/main.go:84.14,86.3 1 0
github.com/h4ribote/Paper-Street/cmd/bots/whale/main.go:87.2,90.14 4 0
github.com/h4ribote/Paper-Street/cmd/bots/whale/main.go:90.14,92.3 1 0
github.com/h4ribote/Paper-Street/cmd/bots/whale/main.go:93.2,104.16 5 0
github.com/h4ribote/Paper-Street/cmd/bots/whale/main.go:104.16,107.3 2 0
github.com/h4ribote/Paper-Street/cmd/bots/whale/main.go:108.2,109.144 2 0
github.com/h4ribote/Paper-Street/cmd/bots/whale/main.go:112.35,114.19 2 0
github.com/h4ribote/Paper-Street/cmd/bots/whale/main.go:114.19,116.3 1 0
github.com/h4ribote/Paper-Street/cmd/bots/whale/main.go:117.2,118.16 2 0
github.com/h4ribote/Paper-Street/cmd/bots/whale/main.go:118.16,120.3 1 0
github.com/h4ribote/Paper-Street/cmd/bots/whale/main.go:121.2,121.25 1 0
github.com/h4ribote/Paper-Street/cmd/bots/whale/main.go:121.25,123.3 1 0
github.com/h4ribote/Paper-Street/cmd/bots/whale/main.go:124.2,132.16 2 0
github.com/h4ribote/Paper-Street/cmd/bots/whale/main.go:132.16,134.3 1 0
github.com/h4ribote/Paper-Street/cmd/bots/whale/main.go:135.2,137.16 3 0
github.com/h4ribote/Paper-Street/cmd/bots/whale/main.go:137.16,139.3 1 0
github.com/h4ribote/Paper-Street/cmd/bots/whale/main.go:140.2,140.18 1 0
github.com/h4ribote/Paper-Street/cmd/bots/whale/main.go:140.18,142.3 1 0
github.com/h4ribote/Paper-Street/cmd/bots/whale/main.go:143.2,144.16 2 0
github.com/h4ribote/Paper-Street/cmd/bots/whale/main.go:144.16,146.3 1 0
github.com/h4ribote/Paper-Street/cmd/bots/whale/main.go:147.2,147.17 1 0
github.com/h4ribote/Paper-Street/cmd/bots/whale/main.go:147.17,149.3 1 0
github.com/h4ribote/Paper-Street/cmd/bots/whale/main.go:150.2,150.59 1 0
github.com/h4ribote/Paper-Street/cmd/bots/whale/main.go:150.59,152.3 1 0
github.com/h4ribote/Paper-Street/cmd/bots/whale/main.go:153.2,154.16 2 0
github.com/h4ribote/Paper-Street/cmd/bots/whale/main.go:154.16,156.3 1 0
github.com/h4ribote/Paper-Street/cmd/bots/whale/main.go:157.2,157.24 1 0
github.com/h4ribote/Paper-Street/cmd/bots/whale/main.go:157.24,159.3 1 0
github.com/h4ribote/Paper-Street/cmd/bots/whale/main.go:160.2,161.16 2 0
github.com/h4ribote/Paper-Street/cmd/bots/whale/main.go:161.16,163.3 1 0
github.com/h4ribote/Paper-Street/cmd/bots/whale/main.go:164.2,164.17 1 0
github.com/h4ribote/Paper-Street/cmd/bots/whale/main.go:164.17,166.3 1 0
github.com/h4ribote/Paper-Street/cmd/bots/whale/main.go:167.2,168.16 2 0
github.com/h4ribote/Paper-Street/cmd/bots/whale/main.go:168.16,170.3 1 0
github.com/h4ribote/Paper-Street/cmd/bots/whale/main.go:171.2,171.37 1 0
github.com/h4ribote/Paper-Street/cmd/bots/whale/main.go:171.37,173.3 1 0
github.com/h4ribote/Paper-Street/cmd/bots/whale/main.go:174.2,175.21 2 0
github.com/h4ribote/Paper-Street/cmd/bots/whale/main.go:175.21,177.3 1 0
github.com/h4ribote/Paper-Street/cmd/bots/whale/main.go:178.2,179.16 2 0
github.com/h4ribote/Paper-Street/cmd/bots/whale/main.go:179.16,181.3 1 0
github.com/h4ribote/Paper-Street/cmd/bots/whale/main.go:182.2,182.22 1 0
github.com/h4ribote/Paper-Street/cmd/bots/whale/main.go:182.22,184.3 1 0
github.com/h4ribote/Paper-Street/cmd/bots/whale/main.go:185.2,186.16 2 0
github.com/h4ribote/Paper-Street/cmd/bots/whale/main.go:186.16,188.3 1 0
github.com/h4ribote/Paper-Street/cmd/bots/whale/main.go:189.2,189.16 1 0
github.com/h4ribote/Paper-Street/cmd/bots/whale/main.go:189.16,191.3 1 0
github.com/h4ribote/Paper-Street/cmd/bots/whale/main.go:192.2,193.16 2 0
github.com/h4ribote/Paper-Street/cmd/bots/whale/main.go:193.16,195.3 1 0
github.com/h4ribote/Paper-Street/cmd/bots/whale/main.go:196.2,196.26 1 0
github.com/h4ribote/Paper-Street/cmd/bots/whale/main.go:196.26,198.3 1 0
github.com/h4ribote/Paper-Street/cmd/bots/whale/main.go:199.2,212.8 1 0
github.com/h4ribote/Paper-Street/cmd/bots/yield_hunter/main.go:27.13,29.16 2 0
github.com/h4ribote/Paper-Street/cmd/bots/yield_hunter/main.go:29.16,31.3 1 0
github.com/h4ribote/Paper-Street/cmd/bots/yield_hunter/main.go:32.2,35.6 4 0
github.com/h4ribote/Paper-Street/cmd/bots/yield_hunter/main.go:35.6,38.3 2 0
github.com/h4ribote/Paper-Street/cmd/bots/yield_hunter/main.go:41.50,45.16 4 0
github.com/h4ribote/Paper-Street/cmd/bots/yield_hunter/main.go:45.16,48.3 2 0
github.com/h4ribote/Paper-Street/cmd/bots/yield_hunter/main.go:49.2,51.34 3 0
github.com/h4ribote/Paper-Street/cmd/bots/yield_hunter/main.go:51.34,52.44 1 0
github.com/h4ribote/Paper-Street/cmd/bots/yield_hunter/main.go:52.44,55.9 3 0
github.com/h4ribote/Paper-Street/cmd/bots/yield_hunter/main.go:58.2,58.12 1 0
github.com/h4ribote/Paper-Street/cmd/bots/yield_hunter/main.go:58.12,61.3 2 0
github.com/h4ribote/Paper-Street/cmd/bots/yield_hunter/main.go:62.2,63.20 2 0
github.com/h4ribote/Paper-Street/cmd/bots/yield_hunter/main.go:63.20,65.3 1 0
github.com/h4ribote/Paper-Street/cmd/bots/yield_hunter/main.go:66.2,67.40 2 0
github.com/h4ribote/Paper-Street/cmd/bots/yield_hunter/main.go:67.40,69.3 1 0
github.com/h4ribote/Paper-Street/cmd/bots/yield_hunter/main.go:70.2,73.22 4 0
github.com/h4ribote/Paper-Street/cmd/bots/yield_hunter/main.go:73.22,75.3 1 0
github.com/h4ribote/Paper-Street/cmd/bots/yield_hunter/main.go:76.2,78.26 3 0
github.com/h4ribote/Paper-Street/cmd/bots/yield_hunter/main.go:78.26,81.3 2 0
github.com/h4ribote/Paper-Street/cmd/bots/yield_hunter/main.go:82.2,93.16 5 0
github.com/h4ribote/Paper-Street/cmd/bots/yield_hunter/main.go:93.16,96.3 2 0
github.com/h4ribote/Paper-Street/cmd/bots/yield_hunter/main.go:97.2,97.119 1 0
github.com/h4ribote/Paper-Street/cmd/bots/yield_hunter/main.go:100.88,104.16 4 0
github.com/h4ribote/Paper-Street/cmd/bots/yield_hunter/main.go:104.16,106.3 1 0
github.com/h4ribote/Paper-Street/cmd/bots/yield_hunter/main.go:107.2,107.35 1 0
github.com/h4ribote/Paper-Street/cmd/bots/yield_hunter/main.go:110.35,112.19 2 0
github.com/h4ribote/Paper-Street/cmd/bots/yield_hunter/main.go:112.19,114.3 1 0
github.com/h4ribote/Paper-Street/cmd/bots/yield_hunter/main.go:115.2,116.16 2 0
github.com/h4ribote/Paper-Street/cmd/bots/yield_hunter/main.go:116.16,118.3 1 0
github.com/h4ribote/Paper-Street/cmd/bots/yield_hunter/main.go:119.2,119.25 1 0
github.com/h4ribote/Paper-Street/cmd/bots/yield_hunter/main.go:119.25,121.3 1 0
github.com/h4ribote/Paper-Street/cmd/bots/yield_hunter/main.go:122.2,130.16 2 0
github.com/h4ribote/Paper-Street/cmd/bots/yield_hunter/main.go:130.16,132.3 1 0
github.com/h4ribote/Paper-Street/cmd/bots/yield_hunter/main.go:133.2,135.16 3 0
github.com/h4ribote/Paper-Street/cmd/bots/yield_hunter/main.go:135.16,137.3 1 0
github.com/h4ribote/Paper-Street/cmd/bots/yield_hunter/main.go:138.2,138.22 1 0
github.com/h4ribote/Paper-Street/cmd/bots/yield_hunter/main.go:138.22,140.3 1 0
github.com/h4ribote/Paper-Street/cmd/bots/yield_hunter/main.go:141.2,142.16 2 0
github.com/h4ribote/Paper-Street/cmd/bots/yield_hunter/main.go:142.16,144.3 1 0
github.com/h4ribote/Paper-Street/cmd/bots/yield_hunter/main.go:145.2,145.24 1 0
github.com/h4ribote/Paper-Street/cmd/bots/yield_hunter/main.go:145.24,147.3 1 0
github.com/h4ribote/Paper-Street/cmd/bots/yield_hunter/main.go:148.2,149.16 2 0
github.com/h4ribote/Paper-Street/cmd/bots/yield_hunter/main.go:149.16,151.3 1 0
github.com/h4ribote/Paper-Street/cmd/bots/yield_hunter/main.go:152.2,152.17 1 0
github.com/h4ribote/Paper-Street/cmd/bots/yield_hunter/main.go:152.17,154.3 1 0
github.com/h4ribote/Paper-Street/cmd/bots/yield_hunter/main.go:155.2,155.59 1 0
github.com/h4ribote/Paper-Street/cmd/bots/yield_hunter/main.go:155.59,157.3 1 0
github.com/h4ribote/Paper-Street/cmd/bots/yield_hunter/main.go:158.2,159.16 2 0
github.com/h4ribote/Paper-Street/cmd/bots/yield_hunter/main.go:159.16,161.3 1 0
github.com/h4ribote/Paper-Street/cmd/bots/yield_hunter/main.go:162.2,162.19 1 0
github.com/h4ribote/Paper-Street/cmd/bots/yield_hunter/main.go:162.19,164.3 1 0
github.com/h4ribote/Paper-Street/cmd/bots/yield_hunter/main.go:165.2,166.16 2 0
github.com/h4ribote/Paper-Street/cmd/bots/yield_hunter/main.go:166.16,168.3 1 0
github.com/h4ribote/Paper-Street/cmd/bots/yield_hunter/main.go:169.2,169.26 1 0
github.com/h4ribote/Paper-Street/cmd/bots/yield_hunter/main.go:169.26,171.3 1 0
github.com/h4ribote/Paper-Street/cmd/bots/yield_hunter/main.go:172.2,173.16 2 0
github.com/h4ribote/Paper-Street/cmd/bots/yield_hunter/main.go:173.16,175.3 1 0
github.com/h4ribote/Paper-Street/cmd/bots/yield_hunter/main.go:176.2,176.21 1 0
github.com/h4ribote/Paper-Street/cmd/bots/yield_hunter/main.go:176.21,178.3 1 0
github.com/h4ribote/Paper-Street/cmd/bots/yield_hunter/main.go:179.2,180.16 2 0
github.com/h4ribote/Paper-Street/cmd/bots/yield_hunter/main.go:180.16,182.3 1 0
github.com/h4ribote/Paper-Street/cmd/bots/yield_hunter/main.go:183.2,183.26 1 0
github.com/h4ribote/Paper-Street/cmd/bots/yield_hunter/main.go:183.26,185.3 1 0
github.com/h4ribote/Paper-Street/cmd/bots/yield_hunter/main.go:186.2,197.8 1 0
github.com/h4ribote/Paper-Street/cmd/paper-street-server/main.go:20.13,22.16 2 0
github.com/h4ribote/Paper-Street/cmd/paper-street-server/main.go:22.16,24.3 1 0
github.com/h4ribote/Paper-Street/cmd/paper-street-server/main.go:26.2,29.25 4 0
github.com/h4ribote/Paper-Street/cmd/paper-street-server/main.go:29.25,31.3 1 0
github.com/h4ribote/Paper-Street/cmd/paper-street-server/main.go:32.2,33.38 2 0
github.com/h4ribote/Paper-Street/cmd/paper-street-server/main.go:33.38,34.45 1 0
github.com/h4ribote/Paper-Street/cmd/paper-street-server/main.go:34.45,36.4 1 0
github.com/h4ribote/Paper-Street/cmd/paper-street-server/main.go:38.2,58.12 15 0
github.com/h4ribote/Paper-Street/cmd/paper-street-server/main.go:58.12,59.80 1 0
github.com/h4ribote/Paper-Street/cmd/paper-street-server/main.go:59.80,61.4 1 0
github.com/h4ribote/Paper-Street/cmd/paper-street-server/main.go:64.2,73.45 9 0
github.com/h4ribote/Paper-Street/cmd/paper-street-server/main.go:73.45,75.3 1 0
github.com/h4ribote/Paper-Street/cmd/paper-street-server/main.go:76.2,76.45 1 0
github.com/h4ribote/Paper-Street/cmd/paper-street-server/main.go:76.45,78.3 1 0
github.com/h4ribote/Paper-Street/cmd/paper-street-server/main.go:81.37,83.15 2 0
github.com/h4ribote/Paper-Street/cmd/paper-street-server/main.go:83.15,85.3 1 0
github.com/h4ribote/Paper-Street/cmd/paper-street-server/main.go:86.2,87.16 2 0
github.com/h4ribote/Paper-Street/cmd/paper-street-server/main.go:87.16,89.3 1 0
github.com/h4ribote/Paper-Street/cmd/paper-street-server/main.go:90.2,92.39 3 0
github.com/h4ribote/Paper-Street/cmd/paper-street-server/main.go:92.39,94.3 1 0
github.com/h4ribote/Paper-Street/cmd/paper-street-server/main.go:95.2,97.16 3 0
github.com/h4ribote/Paper-Street/cmd/paper-street-server/main.go:97.16,99.3 1 0
github.com/h4ribote/Paper-Street/cmd/paper-street-server/main.go:100.2,100.14 1 0
github.com/h4ribote/Paper-Street/cmd/paper-street-server/main.go:103.68,105.15 2 0
github.com/h4ribote/Paper-Street/cmd/paper-street-server/main.go:105.15,107.3 1 0
github.com/h4ribote/Paper-Street/cmd/paper-street-server/main.go:108.2,109.16 2 0
github.com/h4ribote/Paper-Street/cmd/paper-street-server/main.go:109.16,112.3 2 0
github.com/h4ribote/Paper-Street/cmd/paper-street-server/main.go:113.2,113.15 1 0
github.com/h4ribote/Paper-Street/cmd/paper-street-server/main.go:116.49,118.15 2 0
github.com/h4ribote/Paper-Street/cmd/paper-street-server/main.go:118.15,120.3 1 0
github.com/h4ribote/Paper-Street/cmd/paper-street-server/main.go:121.2,122.16 2 0
github.com/h4ribote/Paper-Street/cmd/paper-street-server/main.go:122.16,125.3 2 0
github.com/h4ribote/Paper-Street/cmd/paper-street-server/main.go:126.2,126.15 1 0
github.com/h4ribote/Paper-Street/cmd/paper-street-server/main.go:129.55,131.15 2 0
github.com/h4ribote/Paper-Street/cmd/paper-street-server/main.go:131.15,133.3 1 0
github.com/h4ribote/Paper-Street/cmd/paper-street-server/main.go:134.2,135.16 2 0
github.com/h4ribote/Paper-Street/cmd/paper-street-server/main.go:135.16,138.3 2 0
github.com/h4ribote/Paper-Street/cmd/paper-street-server/main.go:139.2,139.15 1 0
github.com/h4ribote/Paper-Street/internal/bots/auth.go:27.44,29.16 2 0
github.com/h4ribote/Paper-Street/internal/bots/auth.go:29.16,31.3 1 0
github.com/h4ribote/Paper-Street/internal/bots/auth.go:32.2,33.56 2 0
github.com/h4ribote/Paper-Street/internal/bots/auth.go:36.118,38.18 2 0
github.com/h4ribote/Paper-Street/internal/bots/auth.go:38.18,40.3 1 0
github.com/h4ribote/Paper-Street/internal/bots/auth.go:41.2,41.22 1 0
github.com/h4ribote/Paper-Street/internal/bots/auth.go:41.22,43.3 1 0
github.com/h4ribote/Paper-Street/internal/bots/auth.go:44.2,44.22 1 0
github.com/h4ribote/Paper-Street/internal/bots/auth.go:44.22,45.70 1 0
github.com/h4ribote/Paper-Street/internal/bots/auth.go:45.70,47.4 1 0
github.com/h4ribote/Paper-Street/internal/bots/auth.go:47.9,47.59 1 0
github.com/h4ribote/Paper-Street/internal/bots/auth.go:47.59,49.4 1 0
github.com/h4ribote/Paper-Street/internal/bots/auth.go:51.2,52.16 2 0
github.com/h4ribote/Paper-Street/internal/bots/auth.go:52.16,54.3 1 0
github.com/h4ribote/Paper-Street/internal/bots/auth.go:55.2,56.25 2 0
github.com/h4ribote/Paper-Street/internal/bots/auth.go:56.25,58.3 1 0
github.com/h4ribote/Paper-Street/internal/bots/auth.go:59.2,60.16 2 0
github.com/h4ribote/Paper-Street/internal/bots/auth.go:60.16,62.3 1 0
github.com/h4ribote/Paper-Street/internal/bots/auth.go:63.2,63.22 1 0
github.com/h4ribote/Paper-Street/internal/bots/auth.go:63.22,64.58 1 0
github.com/h4ribote/Paper-Street/internal/bots/auth.go:64.58,66.4 1 0
github.com/h4ribote/Paper-Street/internal/bots/auth.go:68.2,68.53 1 0
github.com/h4ribote/Paper-Street/internal/bots/auth.go:71.103,73.19 2 0
github.com/h4ribote/Paper-Street/internal/bots/auth.go:73.19,75.3 1 0
github.com/h4ribote/Paper-Street/internal/bots/auth.go:76.2,80.16 2 0
github.com/h4ribote/Paper-Street/internal/bots/auth.go:80.16,82.3 1 0
github.com/h4ribote/Paper-Street/internal/bots/auth.go:83.2,85.16 3 0
github.com/h4ribote/Paper-Street/internal/bots/auth.go:85.16,87.3 1 0
github.com/h4ribote/Paper-Street/internal/bots/auth.go:88.2,90.16 3 0
github.com/h4ribote/Paper-Street/internal/bots/auth.go:90.16,92.3 1 0
github.com/h4ribote/Paper-Street/internal/bots/auth.go:93.2,94.38 2 0
github.com/h4ribote/Paper-Street/internal/bots/auth.go:94.38,96.3 1 0
github.com/h4ribote/Paper-Street/internal/bots/auth.go:97.2,98.68 2 0
github.com/h4ribote/Paper-Street/internal/bots/auth.go:98.68,100.3 1 0
github.com/h4ribote/Paper-Street/internal/bots/auth.go:101.2,101.45 1 0
github.com/h4ribote/Paper-Street/internal/bots/auth.go:101.45,103.3 1 0
github.com/h4ribote/Paper-Street/internal/bots/auth.go:104.2,104.64 1 0
github.com/h4ribote/Paper-Street/internal/bots/auth.go:107.50,109.16 2 0
github.com/h4ribote/Paper-Street/internal/bots/auth.go:109.16,111.3 1 0
github.com/h4ribote/Paper-Street/internal/bots/auth.go:112.2,112.48 1 0
github.com/h4ribote/Paper-Street/internal/bots/auth.go:115.46,116.16 1 0
github.com/h4ribote/Paper-Street/internal/bots/auth.go:116.16,118.3 1 0
github.com/h4ribote/Paper-Street/internal/bots/auth.go:119.2,120.29 2 0
github.com/h4ribote/Paper-Street/internal/bots/auth.go:120.29,121.49 1 0
github.com/h4ribote/Paper-Street/internal/bots/auth.go:121.49,123.4 1 0
github.com/h4ribote/Paper-Street/internal/bots/auth.go:125.2,125.66 1 0
github.com/h4ribote/Paper-Street/internal/bots/client.go:41.77,42.18 1 0
github.com/h4ribote/Paper-Street/internal/bots/client.go:42.18,44.3 1 0
github.com/h4ribote/Paper-Street/internal/bots/client.go:45.2,49.3 1 0
github.com/h4ribote/Paper-Street/internal/bots/client.go:52.112,53.14 1 0
github.com/h4ribote/Paper-Street/internal/bots/client.go:53.14,55.3 1 0
github.com/h4ribote/Paper-Street/internal/bots/client.go:56.2,57.15 2 0
github.com/h4ribote/Paper-Street/internal/bots/client.go:57.15,59.3 1 0
github.com/h4ribote/Paper-Street/internal/bots/client.go:60.2,61.16 2 0
github.com/h4ribote/Paper-Street/internal/bots/client.go:61.16,63.3 1 0
github.com/h4ribote/Paper-Street/internal/bots/client.go:64.2,66.16 3 0
github.com/h4ribote/Paper-Street/internal/bots/client.go:66.16,68.3 1 0
github.com/h4ribote/Paper-Street/internal/bots/client.go:69.2,70.38 2 0
github.com/h4ribote/Paper-Street/internal/bots/client.go:70.38,72.3 1 0
github.com/h4ribote/Paper-Street/internal/bots/client.go:73.2,74.69 2 0
github.com/h4ribote/Paper-Street/internal/bots/client.go:74.69,76.3 1 0
github.com/h4ribote/Paper-Street/internal/bots/client.go:77.2,77.22 1 0
github.com/h4ribote/Paper-Street/internal/bots/client.go:80.99,81.14 1 0
github.com/h4ribote/Paper-Street/internal/bots/client.go:81.14,83.3 1 0
github.com/h4ribote/Paper-Street/internal/bots/client.go:84.2,85.16 2 0
github.com/h4ribote/Paper-Street/internal/bots/client.go:85.16,87.3 1 0
github.com/h4ribote/Paper-Street/internal/bots/client.go:88.2,90.16 3 0
github.com/h4ribote/Paper-Street/internal/bots/client.go:90.16,92.3 1 0
github.com/h4ribote/Paper-Street/internal/bots/client.go:93.2,96.16 4 0
github.com/h4ribote/Paper-Street/internal/bots/client.go:96.16,98.3 1 0
github.com/h4ribote/Paper-Street/internal/bots/client.go:99.2,100.79 2 0
github.com/h4ribote/Paper-Street/internal/bots/client.go:100.79,102.3 1 0
github.com/h4ribote/Paper-Street/internal/bots/client.go:103.2,104.69 2 0
github.com/h4ribote/Paper-Street/internal/bots/client.go:104.69,106.3 1 0
github.com/h4ribote/Paper-Street/internal/bots/client.go:107.2,107.29 1 0
github.com/h4ribote/Paper-Street/internal/bots/client.go:110.90,111.14 1 0
github.com/h4ribote/Paper-Street/internal/bots/client.go:111.14,113.3 1 0
github.com/h4ribote/Paper-Street/internal/bots/client.go:114.2,114.18 1 0
github.com/h4ribote/Paper-Street/internal/bots/client.go:114.18,116.3 1 0
github.com/h4ribote/Paper-Street/internal/bots/client.go:117.2,119.16 3 0
github.com/h4ribote/Paper-Street/internal/bots/client.go:119.16,121.3 1 0
github.com/h4ribote/Paper-Street/internal/bots/client.go:122.2,124.16 3 0
github.com/h4ribote/Paper-Street/internal/bots/client.go:124.16,126.3 1 0
github.com/h4ribote/Paper-Street/internal/bots/client.go:127.2,128.38 2 0
github.com/h4ribote/Paper-Street/internal/bots/client.go:128.38,130.3 1 0
github.com/h4ribote/Paper-Street/internal/bots/client.go:131.2,131.12 1 0
github.com/h4ribote/Paper-Street/internal/bots/client.go:134.48,135.34 1 0
github.com/h4ribote/Paper-Street/internal/bots/client.go:135.34,137.3 1 0
github.com/h4ribote/Paper-Street/internal/bots/client.go:138.2,138.39 1 0
github.com/h4ribote/Paper-Street/internal/bots/client.go:141.48,142.17 1 0
github.com/h4ribote/Paper-Street/internal/bots/client.go:142.17,144.3 1 0
github.com/h4ribote/Paper-Street/internal/bots/client.go:145.2,146.16 2 0
github.com/h4ribote/Paper-Street/internal/bots/client.go:146.16,148.3 1 0
github.com/h4ribote/Paper-Street/internal/bots/client.go:149.2,149.20 1 0
github.com/h4ribote/Paper-Street/internal/bots/client.go:149.20,151.3 1 0
github.com/h4ribote/Paper-Street/internal/bots/client.go:152.2,153.76 2 0
github.com/h4ribote/Paper-Street/internal/bots/client.go:153.76,155.3 1 0
github.com/h4ribote/Paper-Street/internal/bots/client.go:156.2,156.60 1 0
github.com/h4ribote/Paper-Street/internal/bots/client_extra.go:12.92,13.14 1 0
github.com/h4ribote/Paper-Street/internal/bots/client_extra.go:13.14,15.3 1 0
github.com/h4ribote/Paper-Street/internal/bots/client_extra.go:16.2,18.21 3 0
github.com/h4ribote/Paper-Street/internal/bots/client_extra.go:18.21,20.3 1 0
github.com/h4ribote/Paper-Street/internal/bots/client_extra.go:21.2,21.18 1 0
github.com/h4ribote/Paper-Street/internal/bots/client_extra.go:21.18,23.3 1 0
github.com/h4ribote/Paper-Street/internal/bots/client_extra.go:24.2,24.20 1 0
github.com/h4ribote/Paper-Street/internal/bots/client_extra.go:24.20,26.3 1 0
github.com/h4ribote/Paper-Street/internal/bots/client_extra.go:27.2,28.58 2 0
github.com/h4ribote/Paper-Street/internal/bots/client_extra.go:28.58,30.3 1 0
github.com/h4ribote/Paper-Street/internal/bots/client_extra.go:31.2,31.20 1 0
github.com/h4ribote/Paper-Street/internal/bots/client_extra.go:34.112,35.14 1 0
github.com/h4ribote/Paper-Street/internal/bots/client_extra.go:35.14,37.3 1 0
github.com/h4ribote/Paper-Street/internal/bots/client_extra.go:38.2,38.18 1 0
github.com/h4ribote/Paper-Street/internal/bots/client_extra.go:38.18,40.3 1 0
github.com/h4ribote/Paper-Street/internal/bots/client_extra.go:41.2,43.21 3 0
github.com/h4ribote/Paper-Street/internal/bots/client_extra.go:43.21,45.3 1 0
github.com/h4ribote/Paper-Street/internal/bots/client_extra.go:46.2,46.15 1 0
github.com/h4ribote/Paper-Street/internal/bots/client_extra.go:46.15,48.3 1 0
github.com/h4ribote/Paper-Street/internal/bots/client_extra.go:49.2,49.20 1 0
github.com/h4ribote/Paper-Street/internal/bots/client_extra.go:49.20,51.3 1 0
github.com/h4ribote/Paper-Street/internal/bots/client_extra.go:52.2,53.59 2 0
github.com/h4ribote/Paper-Street/internal/bots/client_extra.go:53.59,55.3 1 0
github.com/h4ribote/Paper-Street/internal/bots/client_extra.go:56.2,56.21 1 0
github.com/h4ribote/Paper-Street/internal/bots/client_extra.go:59.77,60.14 1 0
github.com/h4ribote/Paper-Street/internal/bots/client_extra.go:60.14,62.3 1 0
github.com/h4ribote/Paper-Street/internal/bots/client_extra.go:63.2,64.83 2 0
github.com/h4ribote/Paper-Street/internal/bots/client_extra.go:64.83,66.3 1 0
github.com/h4ribote/Paper-Street/internal/bots/client_extra.go:67.2,67.19 1 0
github.com/h4ribote/Paper-Street/internal/bots/client_extra.go:70.84,71.14 1 0
github.com/h4ribote/Paper-Street/internal/bots/client_extra.go:71.14,73.3 1 0
github.com/h4ribote/Paper-Street/internal/bots/client_extra.go:74.2,75.99 2 0
github.com/h4ribote/Paper-Street/internal/bots/client_extra.go:75.99,77.3 1 0
github.com/h4ribote/Paper-Street/internal/bots/client_extra.go:78.2,78.24 1 0
github.com/h4ribote/Paper-Street/internal/bots/client_extra.go:81.90,82.14 1 0
github.com/h4ribote/Paper-Street/internal/bots/client_extra.go:82.14,84.3 1 0
github.com/h4ribote/Paper-Street/internal/bots/client_extra.go:85.2,86.92 2 0
github.com/h4ribote/Paper-Street/internal/bots/client_extra.go:86.92,88.3 1 0
github.com/h4ribote/Paper-Street/internal/bots/client_extra.go:89.2,89.19 1 0
github.com/h4ribote/Paper-Street/internal/bots/client_extra.go:92.73,93.14 1 0
github.com/h4ribote/Paper-Street/internal/bots/client_extra.go:93.14,95.3 1 0
github.com/h4ribote/Paper-Street/internal/bots/client_extra.go:96.2,97.83 2 0
github.com/h4ribote/Paper-Street/internal/bots/client_extra.go:97.83,99.3 1 0
github.com/h4ribote/Paper-Street/internal/bots/client_extra.go:100.2,100.19 1 0
github.com/h4ribote/Paper-Street/internal/bots/client_extra.go:103.115,104.14 1 0
github.com/h4ribote/Paper-Street/internal/bots/client_extra.go:104.14,106.3 1 0
github.com/h4ribote/Paper-Street/internal/bots/client_extra.go:107.2,107.16 1 0
github.com/h4ribote/Paper-Street/internal/bots/client_extra.go:107.16,109.3 1 0
github.com/h4ribote/Paper-Street/internal/bots/client_extra.go:110.2,111.17 2 0
github.com/h4ribote/Paper-Street/internal/bots/client_extra.go:111.17,113.3 1 0
github.com/h4ribote/Paper-Street/internal/bots/client_extra.go:114.2,115.16 2 0
github.com/h4ribote/Paper-Street/internal/bots/client_extra.go:115.16,117.3 1 0
github.com/h4ribote/Paper-Street/internal/bots/client_extra.go:118.2,119.68 2 0
github.com/h4ribote/Paper-Street/internal/bots/client_extra.go:119.68,121.3 1 0
github.com/h4ribote/Paper-Street/internal/bots/client_extra.go:122.2,122.21 1 0
github.com/h4ribote/Paper-Street/internal/bots/client_extra.go:125.140,126.14 1 0
github.com/h4ribote/Paper-Street/internal/bots/client_extra.go:126.14,128.3 1 0
[...]
github.com/h4ribote/Paper-Street/internal/api/store.go:2146.74,2149.3 2 0
github.com/h4ribote/Paper-Street/internal/api/store.go:2150.2,2151.21 2 0
github.com/h4ribote/Paper-Street/internal/api/store.go:2151.21,2153.3 1 0
github.com/h4ribote/Paper-Street/internal/api/store.go:2154.2,2154.92 1 0
github.com/h4ribote/Paper-Street/internal/api/store.go:2154.92,2156.3 1 0
github.com/h4ribote/Paper-Street/internal/api/store.go:2159.112,2160.38 1 1
github.com/h4ribote/Paper-Street/internal/api/store.go:2160.38,2162.3 1 1
github.com/h4ribote/Paper-Street/internal/api/store.go:2163.2,2166.74 4 0
github.com/h4ribote/Paper-Street/internal/api/store.go:2166.74,2169.3 2 0
github.com/h4ribote/Paper-Street/internal/api/store.go:2170.2,2172.69 3 0
github.com/h4ribote/Paper-Street/internal/api/store.go:2172.69,2175.3 2 0
github.com/h4ribote/Paper-Street/internal/api/store.go:2176.2,2176.58 1 0
github.com/h4ribote/Paper-Street/internal/api/store.go:2176.58,2178.3 1 0
github.com/h4ribote/Paper-Street/internal/api/store.go:2181.54,2182.38 1 1
github.com/h4ribote/Paper-Street/internal/api/store.go:2182.38,2184.3 1 1
github.com/h4ribote/Paper-Street/internal/api/store.go:2185.2,2188.62 4 0
github.com/h4ribote/Paper-Street/internal/api/store.go:2188.62,2190.3 1 0
github.com/h4ribote/Paper-Street/internal/api/store.go:2193.52,2206.2 1 0
github.com/h4ribote/Paper-Street/internal/api/store.go:2208.54,2220.46 3 0
github.com/h4ribote/Paper-Street/internal/api/store.go:2220.46,2222.3 1 0
github.com/h4ribote/Paper-Street/internal/api/store.go:2223.2,2223.13 1 0
github.com/h4ribote/Paper-Street/internal/api/store.go:2242.68,2243.108 1 1
github.com/h4ribote/Paper-Street/internal/api/store.go:2243.108,2245.3 1 1
github.com/h4ribote/Paper-Street/internal/api/store.go:2246.2,2250.75 5 0
github.com/h4ribote/Paper-Street/internal/api/store.go:2250.75,2253.3 2 0
github.com/h4ribote/Paper-Street/internal/api/store.go:2254.2,2254.76 1 0
github.com/h4ribote/Paper-Street/internal/api/store.go:2254.76,2257.3 2 0
github.com/h4ribote/Paper-Street/internal/api/store.go:2258.2,2260.69 3 0
github.com/h4ribote/Paper-Street/internal/api/store.go:2260.69,2263.3 2 0
github.com/h4ribote/Paper-Street/internal/api/store.go:2264.2,2264.96 1 0
github.com/h4ribote/Paper-Street/internal/api/store.go:2264.96,2267.3 2 0
github.com/h4ribote/Paper-Street/internal/api/store.go:2268.2,2269.21 2 0
github.com/h4ribote/Paper-Street/internal/api/store.go:2269.21,2270.115 1 0
github.com/h4ribote/Paper-Street/internal/api/store.go:2270.115,2272.4 1 0
github.com/h4ribote/Paper-Street/internal/api/store.go:2273.3,2273.117 1 0
github.com/h4ribote/Paper-Street/internal/api/store.go:2273.117,2275.4 1 0
github.com/h4ribote/Paper-Street/internal/api/store.go:2277.2,2277.131 1 0
github.com/h4ribote/Paper-Street/internal/api/store.go:2277.131,2279.3 1 0
github.com/h4ribote/Paper-Street/internal/api/store.go:2280.2,2280.133 1 0
github.com/h4ribote/Paper-Street/internal/api/store.go:2280.133,2282.3 1 0
github.com/h4ribote/Paper-Street/internal/api/store.go:2285.68,2286.18 1 0
github.com/h4ribote/Paper-Street/internal/api/store.go:2286.18,2288.3 1 0
github.com/h4ribote/Paper-Street/internal/api/store.go:2289.2,2289.41 1 0
github.com/h4ribote/Paper-Street/internal/api/store.go:2289.41,2291.3 1 0
github.com/h4ribote/Paper-Street/internal/api/store.go:2292.2,2292.21 1 0
github.com/h4ribote/Paper-Street/internal/api/store.go:2292.21,2294.3 1 0
github.com/h4ribote/Paper-Street/internal/api/store.go:2295.2,2295.21 1 0
github.com/h4ribote/Paper-Street/internal/api/store.go:2295.21,2297.3 1 0
github.com/h4ribote/Paper-Street/internal/api/store.go:2298.2,2298.13 1 0
github.com/h4ribote/Paper-Street/internal/api/store.go:2301.72,2302.19 1 0
github.com/h4ribote/Paper-Street/internal/api/store.go:2302.19,2304.3 1 0
github.com/h4ribote/Paper-Street/internal/api/store.go:2305.2,2305.41 1 0
github.com/h4ribote/Paper-Street/internal/api/store.go:2305.41,2307.3 1 0
github.com/h4ribote/Paper-Street/internal/api/store.go:2308.2,2308.39 1 0
github.com/h4ribote/Paper-Street/internal/api/store.go:2308.39,2310.3 1 0
github.com/h4ribote/Paper-Street/internal/api/store.go:2311.2,2311.22 1 0
github.com/h4ribote/Paper-Street/internal/api/store.go:2311.22,2313.3 1 0
github.com/h4ribote/Paper-Street/internal/api/store.go:2314.2,2314.24 1 0
github.com/h4ribote/Paper-Street/internal/api/store.go:2314.24,2316.3 1 0
github.com/h4ribote/Paper-Street/internal/api/store.go:2317.2,2317.14 1 0
github.com/h4ribote/Paper-Street/internal/api/store.go:2320.48,2321.20 1 0
github.com/h4ribote/Paper-Street/internal/api/store.go:2321.20,2323.3 1 0
github.com/h4ribote/Paper-Street/internal/api/store.go:2324.2,2324.18 1 0
github.com/h4ribote/Paper-Street/internal/api/store_persist.go:11.63,12.34 1 0
github.com/h4ribote/Paper-Street/internal/api/store_persist.go:12.34,14.3 1 0
github.com/h4ribote/Paper-Street/internal/api/store_persist.go:15.2,16.20 2 0
github.com/h4ribote/Paper-Street/internal/api/store_persist.go:16.20,18.3 1 0
github.com/h4ribote/Paper-Street/internal/api/store_persist.go:19.2,19.43 1 0
github.com/h4ribote/Paper-Street/internal/api/store_persist.go:19.43,21.3 1 0
github.com/h4ribote/Paper-Street/internal/api/store_persist.go:22.2,25.16 4 0
github.com/h4ribote/Paper-Street/internal/api/store_persist.go:25.16,28.3 2 0
github.com/h4ribote/Paper-Street/internal/api/store_persist.go:29.2,30.11 2 0
github.com/h4ribote/Paper-Street/internal/api/store_persist.go:33.91,34.49 1 0
github.com/h4ribote/Paper-Street/internal/api/store_persist.go:34.49,36.3 1 0
github.com/h4ribote/Paper-Street/internal/api/store_persist.go:37.2,38.21 2 0
github.com/h4ribote/Paper-Street/internal/api/store_persist.go:38.21,40.3 1 0
github.com/h4ribote/Paper-Street/internal/api/store_persist.go:41.2,43.86 3 0
github.com/h4ribote/Paper-Street/internal/api/store_persist.go:43.86,45.3 1 0
github.com/h4ribote/Paper-Street/internal/api/store_persist.go:48.76,49.65 1 1
github.com/h4ribote/Paper-Street/internal/api/store_persist.go:49.65,51.3 1 1
github.com/h4ribote/Paper-Street/internal/api/store_persist.go:52.2,54.82 3 0
github.com/h4ribote/Paper-Street/internal/api/store_persist.go:54.82,56.3 1 0
github.com/h4ribote/Paper-Street/internal/api/store_persist.go:59.69,60.49 1 1
github.com/h4ribote/Paper-Street/internal/api/store_persist.go:60.49,62.3 1 1
github.com/h4ribote/Paper-Street/internal/api/store_persist.go:63.2,65.29 3 0
github.com/h4ribote/Paper-Street/internal/api/store_persist.go:65.29,67.3 1 0
github.com/h4ribote/Paper-Street/internal/api/store_persist.go:68.2,71.78 4 0
github.com/h4ribote/Paper-Street/internal/api/store_persist.go:71.78,73.3 1 0
github.com/h4ribote/Paper-Street/internal/api/websocket.go:70.65,71.22 1 1
github.com/h4ribote/Paper-Street/internal/api/websocket.go:71.22,73.3 1 0
github.com/h4ribote/Paper-Street/internal/api/websocket.go:74.2,77.31 4 1
github.com/h4ribote/Paper-Street/internal/api/websocket.go:77.31,79.18 2 1
github.com/h4ribote/Paper-Street/internal/api/websocket.go:79.18,80.12 1 0
github.com/h4ribote/Paper-Street/internal/api/websocket.go:82.3,82.42 1 1
github.com/h4ribote/Paper-Street/internal/api/websocket.go:82.42,83.12 1 0
github.com/h4ribote/Paper-Street/internal/api/websocket.go:85.3,85.49 1 1
github.com/h4ribote/Paper-Street/internal/api/websocket.go:85.49,87.4 1 0
github.com/h4ribote/Paper-Street/internal/api/websocket.go:88.3,89.31 2 1
github.com/h4ribote/Paper-Street/internal/api/websocket.go:91.2,91.19 1 1
github.com/h4ribote/Paper-Street/internal/api/websocket.go:94.49,97.31 3 0
github.com/h4ribote/Paper-Street/internal/api/websocket.go:97.31,100.54 3 0
github.com/h4ribote/Paper-Street/internal/api/websocket.go:100.54,102.4 1 0
github.com/h4ribote/Paper-Street/internal/api/websocket.go:106.53,110.37 4 1
github.com/h4ribote/Paper-Street/internal/api/websocket.go:110.37,112.3 1 1
github.com/h4ribote/Paper-Street/internal/api/websocket.go:113.2,113.15 1 1
github.com/h4ribote/Paper-Street/internal/api/websocket.go:116.52,120.12 4 1
github.com/h4ribote/Paper-Street/internal/api/websocket.go:120.12,122.3 1 0
github.com/h4ribote/Paper-Street/internal/api/websocket.go:123.2,123.9 1 1
github.com/h4ribote/Paper-Street/internal/api/websocket.go:124.25,125.14 1 1
github.com/h4ribote/Paper-Street/internal/api/websocket.go:126.10,127.15 1 0
github.com/h4ribote/Paper-Street/internal/api/websocket.go:131.28,133.14 2 1
github.com/h4ribote/Paper-Street/internal/api/websocket.go:133.14,136.3 2 0
github.com/h4ribote/Paper-Street/internal/api/websocket.go:137.2,140.20 4 1
github.com/h4ribote/Paper-Street/internal/api/websocket.go:143.90,145.29 2 1
github.com/h4ribote/Paper-Street/internal/api/websocket.go:145.29,147.3 1 0
github.com/h4ribote/Paper-Street/internal/api/websocket.go:148.2,149.15 2 1
github.com/h4ribote/Paper-Street/internal/api/websocket.go:152.85,157.2 4 1
github.com/h4ribote/Paper-Street/internal/api/websocket.go:170.65,177.2 1 1
github.com/h4ribote/Paper-Street/internal/api/websocket.go:179.47,180.24 1 1
github.com/h4ribote/Paper-Street/internal/api/websocket.go:180.24,181.20 1 1
github.com/h4ribote/Paper-Street/internal/api/websocket.go:181.20,183.4 1 0
github.com/h4ribote/Paper-Street/internal/api/websocket.go:184.3,185.13 2 1
github.com/h4ribote/Paper-Street/internal/api/websocket.go:185.13,187.8 2 1
github.com/h4ribote/Paper-Street/internal/api/websocket.go:187.8,188.12 1 1
github.com/h4ribote/Paper-Street/internal/api/websocket.go:189.21,190.28 1 1
github.com/h4ribote/Paper-Street/internal/api/websocket.go:191.21,192.12 1 0
github.com/h4ribote/Paper-Street/internal/api/websocket.go:199.24,200.23 1 0
github.com/h4ribote/Paper-Street/internal/api/websocket.go:200.23,202.3 1 0
github.com/h4ribote/Paper-Street/internal/api/websocket.go:205.44,209.2 3 1
github.com/h4ribote/Paper-Street/internal/api/websocket.go:211.46,216.2 4 1
github.com/h4ribote/Paper-Street/internal/api/websocket.go:218.47,221.35 3 1
github.com/h4ribote/Paper-Street/internal/api/websocket.go:221.35,223.3 1 1
github.com/h4ribote/Paper-Street/internal/api/websocket.go:224.2,225.16 2 1
github.com/h4ribote/Paper-Street/internal/api/websocket.go:228.38,229.20 1 1
github.com/h4ribote/Paper-Street/internal/api/websocket.go:229.20,231.3 1 0
github.com/h4ribote/Paper-Street/internal/api/websocket.go:232.2,233.33 2 1
github.com/h4ribote/Paper-Street/internal/api/websocket.go:233.33,235.32 2 1
github.com/h4ribote/Paper-Street/internal/api/websocket.go:235.32,237.4 1 1
github.com/h4ribote/Paper-Street/internal/api/websocket.go:241.69,242.19 1 1
github.com/h4ribote/Paper-Street/internal/api/websocket.go:242.19,244.3 1 0
github.com/h4ribote/Paper-Street/internal/api/websocket.go:245.2,245.51 1 1
github.com/h4ribote/Paper-Street/internal/api/websocket.go:245.51,248.3 2 1
github.com/h4ribote/Paper-Street/internal/api/websocket.go:249.2,249.31 1 0
github.com/h4ribote/Paper-Street/internal/api/websocket.go:252.62,254.9 2 1
github.com/h4ribote/Paper-Street/internal/api/websocket.go:254.9,256.3 1 0
github.com/h4ribote/Paper-Street/internal/api/websocket.go:257.2,257.73 1 1
github.com/h4ribote/Paper-Street/internal/api/websocket.go:257.73,259.3 1 1
github.com/h4ribote/Paper-Street/internal/api/websocket.go:260.2,264.4 1 1
github.com/h4ribote/Paper-Street/internal/api/websocket.go:267.68,269.9 2 1
github.com/h4ribote/Paper-Street/internal/api/websocket.go:269.9,271.3 1 0
github.com/h4ribote/Paper-Street/internal/api/websocket.go:272.2,273.9 2 1
github.com/h4ribote/Paper-Street/internal/api/websocket.go:273.9,275.3 1 0
github.com/h4ribote/Paper-Street/internal/api/websocket.go:276.2,277.9 2 1
github.com/h4ribote/Paper-Street/internal/api/websocket.go:277.9,285.3 3 0
github.com/h4ribote/Paper-Street/internal/api/websocket.go:286.2,287.14 2 1
github.com/h4ribote/Paper-Street/internal/api/websocket.go:287.14,289.3 1 0
github.com/h4ribote/Paper-Street/internal/api/websocket.go:290.2,295.4 2 1
github.com/h4ribote/Paper-Street/internal/api/websocket.go:298.86,299.20 1 1
github.com/h4ribote/Paper-Street/internal/api/websocket.go:299.20,301.3 1 0
github.com/h4ribote/Paper-Street/internal/api/websocket.go:302.2,302.9 1 1
github.com/h4ribote/Paper-Street/internal/api/websocket.go:303.32,304.33 1 1
github.com/h4ribote/Paper-Street/internal/api/websocket.go:305.23,306.41 1 0
github.com/h4ribote/Paper-Street/internal/api/websocket.go:307.33,308.44 1 0
github.com/h4ribote/Paper-Street/internal/api/websocket.go:309.30,310.25 1 0
github.com/h4ribote/Paper-Street/internal/api/websocket.go:310.25,312.4 1 0
github.com/h4ribote/Paper-Street/internal/api/websocket.go:313.3,313.66 1 0
github.com/h4ribote/Paper-Street/internal/api/websocket.go:314.34,315.25 1 0
github.com/h4ribote/Paper-Street/internal/api/websocket.go:315.25,317.4 1 0
github.com/h4ribote/Paper-Street/internal/api/websocket.go:318.3,318.65 1 0
github.com/h4ribote/Paper-Street/internal/api/websocket.go:319.33,320.25 1 0
github.com/h4ribote/Paper-Street/internal/api/websocket.go:320.25,322.4 1 0
github.com/h4ribote/Paper-Street/internal/api/websocket.go:323.3,328.10 1 0
github.com/h4ribote/Paper-Street/internal/api/websocket.go:329.53,331.29 2 1
github.com/h4ribote/Paper-Street/internal/api/websocket.go:331.29,333.4 1 0
github.com/h4ribote/Paper-Street/internal/api/websocket.go:334.3,339.17 5 1
github.com/h4ribote/Paper-Street/internal/api/websocket.go:339.17,341.4 1 0
github.com/h4ribote/Paper-Street/internal/api/websocket.go:342.3,342.24 1 1
github.com/h4ribote/Paper-Street/internal/api/websocket.go:343.49,345.10 2 0
github.com/h4ribote/Paper-Street/internal/api/websocket.go:345.10,347.4 1 0
github.com/h4ribote/Paper-Street/internal/api/websocket.go:348.3,348.57 1 0
github.com/h4ribote/Paper-Street/internal/api/websocket.go:349.51,351.10 2 0
github.com/h4ribote/Paper-Street/internal/api/websocket.go:351.10,353.4 1 0
github.com/h4ribote/Paper-Street/internal/api/websocket.go:354.3,354.92 1 0
github.com/h4ribote/Paper-Street/internal/api/websocket.go:355.10,356.20 1 0
github.com/h4ribote/Paper-Street/internal/api/websocket.go:360.98,364.55 4 1
github.com/h4ribote/Paper-Street/internal/api/websocket.go:364.55,366.3 1 0
github.com/h4ribote/Paper-Street/internal/api/websocket.go:367.2,372.9 1 1
github.com/h4ribote/Paper-Street/internal/api/websocket.go:375.95,376.45 1 1
github.com/h4ribote/Paper-Street/internal/api/websocket.go:376.45,378.3 1 1
github.com/h4ribote/Paper-Street/internal/api/websocket.go:379.2,382.44 4 1
github.com/h4ribote/Paper-Street/internal/api/websocket.go:382.44,383.25 1 1
github.com/h4ribote/Paper-Street/internal/api/websocket.go:383.25,385.9 2 0
github.com/h4ribote/Paper-Street/internal/api/websocket.go:387.3,387.24 1 1
github.com/h4ribote/Paper-Street/internal/api/websocket.go:387.24,388.33 1 0
github.com/h4ribote/Paper-Street/internal/api/websocket.go:388.33,390.5 1 0
github.com/h4ribote/Paper-Street/internal/api/websocket.go:391.4,391.9 1 0
github.com/h4ribote/Paper-Street/internal/api/websocket.go:393.3,395.41 3 1
github.com/h4ribote/Paper-Street/internal/api/websocket.go:395.41,396.48 1 1
github.com/h4ribote/Paper-Street/internal/api/websocket.go:396.48,398.5 1 0
github.com/h4ribote/Paper-Street/internal/api/websocket.go:399.4,401.12 3 1
github.com/h4ribote/Paper-Street/internal/api/websocket.go:403.3,403.73 1 1
github.com/h4ribote/Paper-Street/internal/api/websocket.go:403.73,406.12 3 0
github.com/h4ribote/Paper-Street/internal/api/websocket.go:408.3,409.6 2 1
github.com/h4ribote/Paper-Street/internal/api/websocket.go:411.2,411.23 1 1
github.com/h4ribote/Paper-Street/internal/api/websocket.go:411.23,413.3 1 0
github.com/h4ribote/Paper-Street/internal/api/websocket.go:414.2,414.22 1 1
github.com/h4ribote/Paper-Street/internal/api/websocket.go:417.68,418.20 1 1
github.com/h4ribote/Paper-Street/internal/api/websocket.go:418.20,420.3 1 1
github.com/h4ribote/Paper-Street/internal/api/websocket.go:421.2,421.21 1 0
github.com/h4ribote/Paper-Street/internal/api/websocket.go:424.39,425.18 1 1
github.com/h4ribote/Paper-Street/internal/api/websocket.go:425.18,427.3 1 0
github.com/h4ribote/Paper-Street/internal/api/websocket.go:428.2,428.14 1 1
github.com/h4ribote/Paper-Street/internal/api/websocket.go:431.60,433.19 2 1
github.com/h4ribote/Paper-Street/internal/api/websocket.go:433.19,435.3 1 0
github.com/h4ribote/Paper-Street/internal/api/websocket.go:436.2,437.32 2 1
github.com/h4ribote/Paper-Street/internal/api/websocket.go:437.32,439.3 1 0
github.com/h4ribote/Paper-Street/internal/api/websocket.go:440.2,440.22 1 1
github.com/h4ribote/Paper-Street/internal/api/websocket.go:443.66,445.23 2 0
github.com/h4ribote/Paper-Street/internal/api/websocket.go:445.23,447.3 1 0
github.com/h4ribote/Paper-Street/internal/api/websocket.go:448.2,449.32 2 0
github.com/h4ribote/Paper-Street/internal/api/websocket.go:449.32,451.3 1 0
github.com/h4ribote/Paper-Street/internal/api/websocket.go:452.2,453.9 2 0
github.com/h4ribote/Paper-Street/internal/api/websocket.go:453.9,455.3 1 0
github.com/h4ribote/Paper-Street/internal/api/websocket.go:456.2,456.33 1 0
github.com/h4ribote/Paper-Street/internal/api/websocket.go:459.74,460.20 1 1
github.com/h4ribote/Paper-Street/internal/api/websocket.go:460.20,463.3 2 0
github.com/h4ribote/Paper-Street/internal/api/websocket.go:464.2,464.22 1 1
github.com/h4ribote/Paper-Street/internal/api/websocket.go:464.22,467.3 2 0
github.com/h4ribote/Paper-Street/internal/api/websocket.go:468.2,470.18 3 1
github.com/h4ribote/Paper-Street/internal/api/websocket.go:470.18,472.3 1 0
github.com/h4ribote/Paper-Street/internal/api/websocket.go:473.2,477.16 3 1
github.com/h4ribote/Paper-Street/internal/api/websocket.go:477.16,479.3 1 0
github.com/h4ribote/Paper-Street/internal/api/websocket.go:480.2,480.52 1 1
github.com/h4ribote/Paper-Street/internal/api/websocket.go:480.52,483.3 2 0
github.com/h4ribote/Paper-Street/internal/api/websocket.go:484.2,485.20 2 1
github.com/h4ribote/Paper-Street/internal/api/websocket.go:485.20,486.52 1 1
github.com/h4ribote/Paper-Street/internal/api/websocket.go:486.52,488.4 1 1
github.com/h4ribote/Paper-Street/internal/api/websocket.go:490.2,501.22 5 1
github.com/h4ribote/Paper-Street/internal/api/websocket.go:504.47,507.6 3 1
github.com/h4ribote/Paper-Street/internal/api/websocket.go:507.6,509.52 2 1
github.com/h4ribote/Paper-Street/internal/api/websocket.go:509.52,511.33 2 1
github.com/h4ribote/Paper-Street/internal/api/websocket.go:511.33,513.5 1 1
github.com/h4ribote/Paper-Street/internal/api/websocket.go:514.4,515.10 2 0
github.com/h4ribote/Paper-Street/internal/api/websocket.go:517.3,518.13 2 1
github.com/h4ribote/Paper-Street/internal/api/websocket.go:519.20,521.18 2 1
github.com/h4ribote/Paper-Street/internal/api/websocket.go:521.18,522.42 1 0
github.com/h4ribote/Paper-Street/internal/api/websocket.go:522.42,524.6 1 0
github.com/h4ribote/Paper-Street/internal/api/websocket.go:524.11,526.6 1 0
github.com/h4ribote/Paper-Street/internal/api/websocket.go:527.5,527.11 1 0
github.com/h4ribote/Paper-Street/internal/api/websocket.go:529.4,529.33 1 1
github.com/h4ribote/Paper-Street/internal/api/websocket.go:529.33,531.5 1 1
github.com/h4ribote/Paper-Street/internal/api/websocket.go:532.22,533.32 1 0
github.com/h4ribote/Paper-Street/internal/api/websocket.go:534.15,535.90 1 0
github.com/h4ribote/Paper-Street/internal/api/websocket.go:536.11,538.10 2 0
github.com/h4ribote/Paper-Street/internal/api/websocket.go:543.48,544.35 1 1
github.com/h4ribote/Paper-Street/internal/api/websocket.go:544.35,545.56 1 1
github.com/h4ribote/Paper-Street/internal/api/websocket.go:545.56,548.4 2 0
github.com/h4ribote/Paper-Street/internal/api/websocket.go:552.60,555.2 2 0
github.com/h4ribote/Paper-Street/internal/api/websocket.go:557.42,559.18 2 1
github.com/h4ribote/Paper-Street/internal/api/websocket.go:559.18,561.3 1 1
github.com/h4ribote/Paper-Street/internal/api/websocket.go:562.2,563.16 2 0
github.com/h4ribote/Paper-Street/internal/api/websocket.go:563.16,565.3 1 0
github.com/h4ribote/Paper-Street/internal/api/websocket.go:566.2,566.50 1 0
